{"/Users/hikmanisyarifulfajar/Documents/fase2/week3/ecommerce_server/app.js": {"path":"/Users/hikmanisyarifulfajar/Documents/fase2/week3/ecommerce_server/app.js","statementMap":{"0":{"start":{"line":1,"column":16},"end":{"line":1,"column":34}},"1":{"start":{"line":3,"column":12},"end":{"line":3,"column":21}},"2":{"start":{"line":5,"column":15},"end":{"line":5,"column":35}},"3":{"start":{"line":6,"column":21},"end":{"line":6,"column":58}},"4":{"start":{"line":8,"column":13},"end":{"line":8,"column":28}},"5":{"start":{"line":10,"column":0},"end":{"line":10,"column":15}},"6":{"start":{"line":11,"column":0},"end":{"line":11,"column":23}},"7":{"start":{"line":12,"column":0},"end":{"line":12,"column":46}},"8":{"start":{"line":14,"column":0},"end":{"line":14,"column":15}},"9":{"start":{"line":15,"column":0},"end":{"line":15,"column":21}},"10":{"start":{"line":17,"column":0},"end":{"line":17,"column":20}}},"fnMap":{},"branchMap":{},"s":{"0":2,"1":2,"2":2,"3":2,"4":2,"5":2,"6":2,"7":2,"8":2,"9":2,"10":2},"f":{},"b":{},"_coverageSchema":"1a1c01bbd47fc00a2c39e90264f33305004495a9","hash":"05cb839d3a8ad89bffc0873b35246bfb497c8567"}
,"/Users/hikmanisyarifulfajar/Documents/fase2/week3/ecommerce_server/config/config.js": {"path":"/Users/hikmanisyarifulfajar/Documents/fase2/week3/ecommerce_server/config/config.js","statementMap":{"0":{"start":{"line":1,"column":12},"end":{"line":1,"column":49}},"1":{"start":{"line":3,"column":0},"end":{"line":10,"column":1}},"2":{"start":{"line":5,"column":4},"end":{"line":5,"column":61}},"3":{"start":{"line":6,"column":6},"end":{"line":6,"column":12}},"4":{"start":{"line":8,"column":4},"end":{"line":8,"column":66}},"5":{"start":{"line":9,"column":6},"end":{"line":9,"column":12}},"6":{"start":{"line":12,"column":0},"end":{"line":18,"column":1}}},"fnMap":{},"branchMap":{"0":{"loc":{"start":{"line":1,"column":12},"end":{"line":1,"column":49}},"type":"binary-expr","locations":[{"start":{"line":1,"column":12},"end":{"line":1,"column":32}},{"start":{"line":1,"column":36},"end":{"line":1,"column":49}}],"line":1},"1":{"loc":{"start":{"line":3,"column":0},"end":{"line":10,"column":1}},"type":"switch","locations":[{"start":{"line":4,"column":2},"end":{"line":6,"column":12}},{"start":{"line":7,"column":2},"end":{"line":9,"column":12}}],"line":3}},"s":{"0":2,"1":2,"2":0,"3":0,"4":2,"5":2,"6":2},"f":{},"b":{"0":[2,0],"1":[0,2]},"_coverageSchema":"1a1c01bbd47fc00a2c39e90264f33305004495a9","hash":"f625f75d99e4b76985949cd14c9ed12d4c26bc70"}
,"/Users/hikmanisyarifulfajar/Documents/fase2/week3/ecommerce_server/controllers/product.js": {"path":"/Users/hikmanisyarifulfajar/Documents/fase2/week3/ecommerce_server/controllers/product.js","statementMap":{"0":{"start":{"line":1,"column":20},"end":{"line":1,"column":40}},"1":{"start":{"line":5,"column":4},"end":{"line":9,"column":18}},"2":{"start":{"line":7,"column":8},"end":{"line":7,"column":38}},"3":{"start":{"line":13,"column":18},"end":{"line":19,"column":5}},"4":{"start":{"line":20,"column":4},"end":{"line":24,"column":18}},"5":{"start":{"line":22,"column":8},"end":{"line":22,"column":37}},"6":{"start":{"line":28,"column":13},"end":{"line":28,"column":26}},"7":{"start":{"line":29,"column":4},"end":{"line":39,"column":18}},"8":{"start":{"line":31,"column":8},"end":{"line":37,"column":9}},"9":{"start":{"line":32,"column":10},"end":{"line":32,"column":39}},"10":{"start":{"line":34,"column":10},"end":{"line":36,"column":12}},"11":{"start":{"line":43,"column":13},"end":{"line":43,"column":26}},"12":{"start":{"line":44,"column":18},"end":{"line":50,"column":5}},"13":{"start":{"line":51,"column":4},"end":{"line":66,"column":18}},"14":{"start":{"line":58,"column":8},"end":{"line":64,"column":9}},"15":{"start":{"line":59,"column":10},"end":{"line":59,"column":42}},"16":{"start":{"line":61,"column":10},"end":{"line":63,"column":12}},"17":{"start":{"line":70,"column":13},"end":{"line":70,"column":26}},"18":{"start":{"line":71,"column":4},"end":{"line":81,"column":18}},"19":{"start":{"line":77,"column":8},"end":{"line":79,"column":10}},"20":{"start":{"line":85,"column":0},"end":{"line":85,"column":34}}},"fnMap":{"0":{"name":"(anonymous_0)","decl":{"start":{"line":4,"column":2},"end":{"line":4,"column":3}},"loc":{"start":{"line":4,"column":34},"end":{"line":10,"column":3}},"line":4},"1":{"name":"(anonymous_1)","decl":{"start":{"line":6,"column":12},"end":{"line":6,"column":13}},"loc":{"start":{"line":6,"column":24},"end":{"line":8,"column":7}},"line":6},"2":{"name":"(anonymous_2)","decl":{"start":{"line":12,"column":2},"end":{"line":12,"column":3}},"loc":{"start":{"line":12,"column":33},"end":{"line":25,"column":3}},"line":12},"3":{"name":"(anonymous_3)","decl":{"start":{"line":21,"column":12},"end":{"line":21,"column":13}},"loc":{"start":{"line":21,"column":23},"end":{"line":23,"column":7}},"line":21},"4":{"name":"(anonymous_4)","decl":{"start":{"line":27,"column":2},"end":{"line":27,"column":3}},"loc":{"start":{"line":27,"column":34},"end":{"line":40,"column":3}},"line":27},"5":{"name":"(anonymous_5)","decl":{"start":{"line":30,"column":12},"end":{"line":30,"column":13}},"loc":{"start":{"line":30,"column":23},"end":{"line":38,"column":7}},"line":30},"6":{"name":"(anonymous_6)","decl":{"start":{"line":42,"column":2},"end":{"line":42,"column":3}},"loc":{"start":{"line":42,"column":33},"end":{"line":67,"column":3}},"line":42},"7":{"name":"(anonymous_7)","decl":{"start":{"line":57,"column":12},"end":{"line":57,"column":13}},"loc":{"start":{"line":57,"column":20},"end":{"line":65,"column":7}},"line":57},"8":{"name":"(anonymous_8)","decl":{"start":{"line":69,"column":2},"end":{"line":69,"column":3}},"loc":{"start":{"line":69,"column":33},"end":{"line":82,"column":3}},"line":69},"9":{"name":"(anonymous_9)","decl":{"start":{"line":76,"column":12},"end":{"line":76,"column":13}},"loc":{"start":{"line":76,"column":20},"end":{"line":80,"column":7}},"line":76}},"branchMap":{"0":{"loc":{"start":{"line":31,"column":8},"end":{"line":37,"column":9}},"type":"if","locations":[{"start":{"line":31,"column":8},"end":{"line":37,"column":9}},{"start":{"line":31,"column":8},"end":{"line":37,"column":9}}],"line":31},"1":{"loc":{"start":{"line":58,"column":8},"end":{"line":64,"column":9}},"type":"if","locations":[{"start":{"line":58,"column":8},"end":{"line":64,"column":9}},{"start":{"line":58,"column":8},"end":{"line":64,"column":9}}],"line":58}},"s":{"0":2,"1":2,"2":2,"3":7,"4":7,"5":1,"6":3,"7":3,"8":3,"9":1,"10":2,"11":1,"12":1,"13":1,"14":1,"15":1,"16":0,"17":1,"18":1,"19":1,"20":2},"f":{"0":2,"1":2,"2":7,"3":1,"4":3,"5":3,"6":1,"7":1,"8":1,"9":1},"b":{"0":[1,2],"1":[1,0]},"_coverageSchema":"1a1c01bbd47fc00a2c39e90264f33305004495a9","hash":"a9c69747a9912be9de198875ef2d1e2ec1d2fb1e"}
,"/Users/hikmanisyarifulfajar/Documents/fase2/week3/ecommerce_server/controllers/user.js": {"path":"/Users/hikmanisyarifulfajar/Documents/fase2/week3/ecommerce_server/controllers/user.js","statementMap":{"0":{"start":{"line":1,"column":17},"end":{"line":1,"column":37}},"1":{"start":{"line":2,"column":26},"end":{"line":2,"column":54}},"2":{"start":{"line":3,"column":26},"end":{"line":3,"column":51}},"3":{"start":{"line":7,"column":18},"end":{"line":12,"column":5}},"4":{"start":{"line":13,"column":4},"end":{"line":17,"column":18}},"5":{"start":{"line":15,"column":8},"end":{"line":15,"column":34}},"6":{"start":{"line":21,"column":18},"end":{"line":24,"column":5}},"7":{"start":{"line":25,"column":4},"end":{"line":55,"column":18}},"8":{"start":{"line":31,"column":8},"end":{"line":53,"column":9}},"9":{"start":{"line":32,"column":10},"end":{"line":34,"column":12}},"10":{"start":{"line":36,"column":23},"end":{"line":36,"column":69}},"11":{"start":{"line":37,"column":10},"end":{"line":52,"column":11}},"12":{"start":{"line":38,"column":12},"end":{"line":40,"column":14}},"13":{"start":{"line":42,"column":26},"end":{"line":47,"column":13}},"14":{"start":{"line":48,"column":24},"end":{"line":48,"column":46}},"15":{"start":{"line":49,"column":12},"end":{"line":51,"column":14}},"16":{"start":{"line":59,"column":0},"end":{"line":59,"column":31}}},"fnMap":{"0":{"name":"(anonymous_0)","decl":{"start":{"line":6,"column":2},"end":{"line":6,"column":3}},"loc":{"start":{"line":6,"column":35},"end":{"line":18,"column":3}},"line":6},"1":{"name":"(anonymous_1)","decl":{"start":{"line":14,"column":12},"end":{"line":14,"column":13}},"loc":{"start":{"line":14,"column":20},"end":{"line":16,"column":7}},"line":14},"2":{"name":"(anonymous_2)","decl":{"start":{"line":20,"column":2},"end":{"line":20,"column":3}},"loc":{"start":{"line":20,"column":32},"end":{"line":56,"column":3}},"line":20},"3":{"name":"(anonymous_3)","decl":{"start":{"line":30,"column":12},"end":{"line":30,"column":13}},"loc":{"start":{"line":30,"column":20},"end":{"line":54,"column":7}},"line":30}},"branchMap":{"0":{"loc":{"start":{"line":31,"column":8},"end":{"line":53,"column":9}},"type":"if","locations":[{"start":{"line":31,"column":8},"end":{"line":53,"column":9}},{"start":{"line":31,"column":8},"end":{"line":53,"column":9}}],"line":31},"1":{"loc":{"start":{"line":37,"column":10},"end":{"line":52,"column":11}},"type":"if","locations":[{"start":{"line":37,"column":10},"end":{"line":52,"column":11}},{"start":{"line":37,"column":10},"end":{"line":52,"column":11}}],"line":37}},"s":{"0":2,"1":2,"2":2,"3":9,"4":9,"5":1,"6":4,"7":4,"8":4,"9":2,"10":2,"11":2,"12":1,"13":1,"14":1,"15":1,"16":2},"f":{"0":9,"1":1,"2":4,"3":4},"b":{"0":[2,2],"1":[1,1]},"_coverageSchema":"1a1c01bbd47fc00a2c39e90264f33305004495a9","hash":"e367ee051f81caf0196dee0e5dc0a3c56c93aef6"}
,"/Users/hikmanisyarifulfajar/Documents/fase2/week3/ecommerce_server/helpers/bcrypt.js": {"path":"/Users/hikmanisyarifulfajar/Documents/fase2/week3/ecommerce_server/helpers/bcrypt.js","statementMap":{"0":{"start":{"line":1,"column":15},"end":{"line":1,"column":34}},"1":{"start":{"line":3,"column":0},"end":{"line":12,"column":1}},"2":{"start":{"line":5,"column":15},"end":{"line":5,"column":37}},"3":{"start":{"line":6,"column":15},"end":{"line":6,"column":46}},"4":{"start":{"line":7,"column":4},"end":{"line":7,"column":15}},"5":{"start":{"line":10,"column":4},"end":{"line":10,"column":51}}},"fnMap":{"0":{"name":"(anonymous_0)","decl":{"start":{"line":4,"column":17},"end":{"line":4,"column":18}},"loc":{"start":{"line":4,"column":36},"end":{"line":8,"column":3}},"line":4},"1":{"name":"(anonymous_1)","decl":{"start":{"line":9,"column":18},"end":{"line":9,"column":19}},"loc":{"start":{"line":9,"column":48},"end":{"line":11,"column":3}},"line":9}},"branchMap":{},"s":{"0":2,"1":2,"2":69,"3":69,"4":69,"5":2},"f":{"0":69,"1":2},"b":{},"_coverageSchema":"1a1c01bbd47fc00a2c39e90264f33305004495a9","hash":"caf1829ce3c30187c65e69422f5f09ee56a50145"}
,"/Users/hikmanisyarifulfajar/Documents/fase2/week3/ecommerce_server/helpers/jwt.js": {"path":"/Users/hikmanisyarifulfajar/Documents/fase2/week3/ecommerce_server/helpers/jwt.js","statementMap":{"0":{"start":{"line":1,"column":12},"end":{"line":1,"column":35}},"1":{"start":{"line":3,"column":0},"end":{"line":11,"column":1}},"2":{"start":{"line":5,"column":16},"end":{"line":5,"column":53}},"3":{"start":{"line":6,"column":4},"end":{"line":6,"column":16}},"4":{"start":{"line":9,"column":4},"end":{"line":9,"column":48}}},"fnMap":{"0":{"name":"(anonymous_0)","decl":{"start":{"line":4,"column":18},"end":{"line":4,"column":19}},"loc":{"start":{"line":4,"column":36},"end":{"line":7,"column":3}},"line":4},"1":{"name":"(anonymous_1)","decl":{"start":{"line":8,"column":16},"end":{"line":8,"column":17}},"loc":{"start":{"line":8,"column":32},"end":{"line":10,"column":3}},"line":8}},"branchMap":{},"s":{"0":2,"1":2,"2":68,"3":68,"4":22},"f":{"0":68,"1":22},"b":{},"_coverageSchema":"1a1c01bbd47fc00a2c39e90264f33305004495a9","hash":"b82a2a6087b30044bb1cd285b9c2499ecd3d7214"}
,"/Users/hikmanisyarifulfajar/Documents/fase2/week3/ecommerce_server/middlewares/authentication.js": {"path":"/Users/hikmanisyarifulfajar/Documents/fase2/week3/ecommerce_server/middlewares/authentication.js","statementMap":{"0":{"start":{"line":1,"column":17},"end":{"line":1,"column":37}},"1":{"start":{"line":2,"column":24},"end":{"line":2,"column":49}},"2":{"start":{"line":4,"column":0},"end":{"line":37,"column":1}},"3":{"start":{"line":5,"column":2},"end":{"line":36,"column":3}},"4":{"start":{"line":6,"column":4},"end":{"line":8,"column":6}},"5":{"start":{"line":10,"column":4},"end":{"line":35,"column":5}},"6":{"start":{"line":11,"column":20},"end":{"line":11,"column":57}},"7":{"start":{"line":12,"column":6},"end":{"line":30,"column":20}},"8":{"start":{"line":18,"column":10},"end":{"line":28,"column":11}},"9":{"start":{"line":19,"column":12},"end":{"line":21,"column":14}},"10":{"start":{"line":23,"column":12},"end":{"line":23,"column":42}},"11":{"start":{"line":24,"column":12},"end":{"line":24,"column":44}},"12":{"start":{"line":25,"column":12},"end":{"line":25,"column":42}},"13":{"start":{"line":26,"column":12},"end":{"line":26,"column":42}},"14":{"start":{"line":27,"column":12},"end":{"line":27,"column":18}},"15":{"start":{"line":32,"column":6},"end":{"line":34,"column":8}}},"fnMap":{"0":{"name":"(anonymous_0)","decl":{"start":{"line":4,"column":17},"end":{"line":4,"column":18}},"loc":{"start":{"line":4,"column":37},"end":{"line":37,"column":1}},"line":4},"1":{"name":"(anonymous_1)","decl":{"start":{"line":17,"column":14},"end":{"line":17,"column":15}},"loc":{"start":{"line":17,"column":22},"end":{"line":29,"column":9}},"line":17}},"branchMap":{"0":{"loc":{"start":{"line":5,"column":2},"end":{"line":36,"column":3}},"type":"if","locations":[{"start":{"line":5,"column":2},"end":{"line":36,"column":3}},{"start":{"line":5,"column":2},"end":{"line":36,"column":3}}],"line":5},"1":{"loc":{"start":{"line":18,"column":10},"end":{"line":28,"column":11}},"type":"if","locations":[{"start":{"line":18,"column":10},"end":{"line":28,"column":11}},{"start":{"line":18,"column":10},"end":{"line":28,"column":11}}],"line":18}},"s":{"0":2,"1":2,"2":2,"3":27,"4":5,"5":22,"6":22,"7":17,"8":17,"9":0,"10":17,"11":17,"12":17,"13":17,"14":17,"15":5},"f":{"0":27,"1":17},"b":{"0":[5,22],"1":[0,17]},"_coverageSchema":"1a1c01bbd47fc00a2c39e90264f33305004495a9","hash":"4f5460bd4a356828b24f757b20c826ef3c094bbf"}
,"/Users/hikmanisyarifulfajar/Documents/fase2/week3/ecommerce_server/middlewares/authorization.js": {"path":"/Users/hikmanisyarifulfajar/Documents/fase2/week3/ecommerce_server/middlewares/authorization.js","statementMap":{"0":{"start":{"line":1,"column":17},"end":{"line":1,"column":37}},"1":{"start":{"line":3,"column":0},"end":{"line":42,"column":1}},"2":{"start":{"line":5,"column":4},"end":{"line":24,"column":8}},"3":{"start":{"line":11,"column":8},"end":{"line":23,"column":9}},"4":{"start":{"line":12,"column":10},"end":{"line":14,"column":12}},"5":{"start":{"line":16,"column":10},"end":{"line":22,"column":11}},"6":{"start":{"line":17,"column":12},"end":{"line":17,"column":18}},"7":{"start":{"line":19,"column":12},"end":{"line":21,"column":14}},"8":{"start":{"line":27,"column":4},"end":{"line":40,"column":8}},"9":{"start":{"line":33,"column":8},"end":{"line":39,"column":9}},"10":{"start":{"line":34,"column":10},"end":{"line":36,"column":12}},"11":{"start":{"line":38,"column":10},"end":{"line":38,"column":16}}},"fnMap":{"0":{"name":"(anonymous_0)","decl":{"start":{"line":4,"column":23},"end":{"line":4,"column":24}},"loc":{"start":{"line":4,"column":49},"end":{"line":25,"column":3}},"line":4},"1":{"name":"(anonymous_1)","decl":{"start":{"line":10,"column":12},"end":{"line":10,"column":13}},"loc":{"start":{"line":10,"column":20},"end":{"line":24,"column":7}},"line":10},"2":{"name":"(anonymous_2)","decl":{"start":{"line":26,"column":26},"end":{"line":26,"column":27}},"loc":{"start":{"line":26,"column":52},"end":{"line":41,"column":3}},"line":26},"3":{"name":"(anonymous_3)","decl":{"start":{"line":32,"column":12},"end":{"line":32,"column":13}},"loc":{"start":{"line":32,"column":20},"end":{"line":40,"column":7}},"line":32}},"branchMap":{"0":{"loc":{"start":{"line":11,"column":8},"end":{"line":23,"column":9}},"type":"if","locations":[{"start":{"line":11,"column":8},"end":{"line":23,"column":9}},{"start":{"line":11,"column":8},"end":{"line":23,"column":9}}],"line":11},"1":{"loc":{"start":{"line":16,"column":10},"end":{"line":22,"column":11}},"type":"if","locations":[{"start":{"line":16,"column":10},"end":{"line":22,"column":11}},{"start":{"line":16,"column":10},"end":{"line":22,"column":11}}],"line":16},"2":{"loc":{"start":{"line":33,"column":8},"end":{"line":39,"column":9}},"type":"if","locations":[{"start":{"line":33,"column":8},"end":{"line":39,"column":9}},{"start":{"line":33,"column":8},"end":{"line":39,"column":9}}],"line":33}},"s":{"0":2,"1":2,"2":12,"3":12,"4":0,"5":12,"6":9,"7":3,"8":0,"9":0,"10":0,"11":0},"f":{"0":12,"1":12,"2":0,"3":0},"b":{"0":[0,12],"1":[9,3],"2":[0,0]},"_coverageSchema":"1a1c01bbd47fc00a2c39e90264f33305004495a9","hash":"730e2727d4ed8404a783452a2c4583c41f20a83c"}
,"/Users/hikmanisyarifulfajar/Documents/fase2/week3/ecommerce_server/middlewares/errorHandler.js": {"path":"/Users/hikmanisyarifulfajar/Documents/fase2/week3/ecommerce_server/middlewares/errorHandler.js","statementMap":{"0":{"start":{"line":1,"column":0},"end":{"line":69,"column":1}},"1":{"start":{"line":4,"column":15},"end":{"line":4,"column":18}},"2":{"start":{"line":5,"column":15},"end":{"line":7,"column":3}},"3":{"start":{"line":8,"column":2},"end":{"line":66,"column":3}},"4":{"start":{"line":9,"column":4},"end":{"line":9,"column":16}},"5":{"start":{"line":10,"column":17},"end":{"line":10,"column":19}},"6":{"start":{"line":11,"column":4},"end":{"line":13,"column":6}},"7":{"start":{"line":12,"column":6},"end":{"line":12,"column":32}},"8":{"start":{"line":14,"column":4},"end":{"line":17,"column":5}},"9":{"start":{"line":18,"column":9},"end":{"line":66,"column":3}},"10":{"start":{"line":19,"column":4},"end":{"line":19,"column":16}},"11":{"start":{"line":20,"column":4},"end":{"line":23,"column":5}},"12":{"start":{"line":24,"column":9},"end":{"line":66,"column":3}},"13":{"start":{"line":25,"column":4},"end":{"line":25,"column":16}},"14":{"start":{"line":26,"column":4},"end":{"line":29,"column":5}},"15":{"start":{"line":30,"column":9},"end":{"line":66,"column":3}},"16":{"start":{"line":31,"column":4},"end":{"line":31,"column":16}},"17":{"start":{"line":32,"column":4},"end":{"line":35,"column":5}},"18":{"start":{"line":36,"column":9},"end":{"line":66,"column":3}},"19":{"start":{"line":37,"column":4},"end":{"line":37,"column":16}},"20":{"start":{"line":38,"column":4},"end":{"line":41,"column":5}},"21":{"start":{"line":42,"column":9},"end":{"line":66,"column":3}},"22":{"start":{"line":43,"column":4},"end":{"line":43,"column":16}},"23":{"start":{"line":44,"column":4},"end":{"line":47,"column":5}},"24":{"start":{"line":48,"column":9},"end":{"line":66,"column":3}},"25":{"start":{"line":49,"column":4},"end":{"line":49,"column":16}},"26":{"start":{"line":50,"column":4},"end":{"line":53,"column":5}},"27":{"start":{"line":54,"column":9},"end":{"line":66,"column":3}},"28":{"start":{"line":55,"column":4},"end":{"line":55,"column":16}},"29":{"start":{"line":56,"column":4},"end":{"line":59,"column":5}},"30":{"start":{"line":60,"column":9},"end":{"line":66,"column":3}},"31":{"start":{"line":61,"column":4},"end":{"line":61,"column":16}},"32":{"start":{"line":62,"column":4},"end":{"line":65,"column":5}},"33":{"start":{"line":68,"column":2},"end":{"line":68,"column":33}}},"fnMap":{"0":{"name":"(anonymous_0)","decl":{"start":{"line":1,"column":17},"end":{"line":1,"column":18}},"loc":{"start":{"line":1,"column":42},"end":{"line":69,"column":1}},"line":1},"1":{"name":"(anonymous_1)","decl":{"start":{"line":11,"column":23},"end":{"line":11,"column":24}},"loc":{"start":{"line":11,"column":32},"end":{"line":13,"column":5}},"line":11}},"branchMap":{"0":{"loc":{"start":{"line":8,"column":2},"end":{"line":66,"column":3}},"type":"if","locations":[{"start":{"line":8,"column":2},"end":{"line":66,"column":3}},{"start":{"line":8,"column":2},"end":{"line":66,"column":3}}],"line":8},"1":{"loc":{"start":{"line":18,"column":9},"end":{"line":66,"column":3}},"type":"if","locations":[{"start":{"line":18,"column":9},"end":{"line":66,"column":3}},{"start":{"line":18,"column":9},"end":{"line":66,"column":3}}],"line":18},"2":{"loc":{"start":{"line":24,"column":9},"end":{"line":66,"column":3}},"type":"if","locations":[{"start":{"line":24,"column":9},"end":{"line":66,"column":3}},{"start":{"line":24,"column":9},"end":{"line":66,"column":3}}],"line":24},"3":{"loc":{"start":{"line":30,"column":9},"end":{"line":66,"column":3}},"type":"if","locations":[{"start":{"line":30,"column":9},"end":{"line":66,"column":3}},{"start":{"line":30,"column":9},"end":{"line":66,"column":3}}],"line":30},"4":{"loc":{"start":{"line":36,"column":9},"end":{"line":66,"column":3}},"type":"if","locations":[{"start":{"line":36,"column":9},"end":{"line":66,"column":3}},{"start":{"line":36,"column":9},"end":{"line":66,"column":3}}],"line":36},"5":{"loc":{"start":{"line":42,"column":9},"end":{"line":66,"column":3}},"type":"if","locations":[{"start":{"line":42,"column":9},"end":{"line":66,"column":3}},{"start":{"line":42,"column":9},"end":{"line":66,"column":3}}],"line":42},"6":{"loc":{"start":{"line":48,"column":9},"end":{"line":66,"column":3}},"type":"if","locations":[{"start":{"line":48,"column":9},"end":{"line":66,"column":3}},{"start":{"line":48,"column":9},"end":{"line":66,"column":3}}],"line":48},"7":{"loc":{"start":{"line":54,"column":9},"end":{"line":66,"column":3}},"type":"if","locations":[{"start":{"line":54,"column":9},"end":{"line":66,"column":3}},{"start":{"line":54,"column":9},"end":{"line":66,"column":3}}],"line":54},"8":{"loc":{"start":{"line":60,"column":9},"end":{"line":66,"column":3}},"type":"if","locations":[{"start":{"line":60,"column":9},"end":{"line":66,"column":3}},{"start":{"line":60,"column":9},"end":{"line":66,"column":3}}],"line":60}},"s":{"0":2,"1":32,"2":32,"3":32,"4":13,"5":13,"6":13,"7":21,"8":13,"9":19,"10":1,"11":1,"12":18,"13":3,"14":3,"15":15,"16":5,"17":5,"18":10,"19":5,"20":5,"21":5,"22":0,"23":0,"24":5,"25":0,"26":0,"27":5,"28":2,"29":2,"30":3,"31":3,"32":3,"33":32},"f":{"0":32,"1":21},"b":{"0":[13,19],"1":[1,18],"2":[3,15],"3":[5,10],"4":[5,5],"5":[0,5],"6":[0,5],"7":[2,3],"8":[3,0]},"_coverageSchema":"1a1c01bbd47fc00a2c39e90264f33305004495a9","hash":"2eb2fedb059d249b9636b0a27feddf6b1ebae389"}
,"/Users/hikmanisyarifulfajar/Documents/fase2/week3/ecommerce_server/models/category.js": {"path":"/Users/hikmanisyarifulfajar/Documents/fase2/week3/ecommerce_server/models/category.js","statementMap":{"0":{"start":{"line":2,"column":0},"end":{"line":18,"column":2}},"1":{"start":{"line":3,"column":16},"end":{"line":3,"column":41}},"2":{"start":{"line":7,"column":6},"end":{"line":7,"column":38}},"3":{"start":{"line":11,"column":2},"end":{"line":15,"column":4}},"4":{"start":{"line":17,"column":2},"end":{"line":17,"column":18}}},"fnMap":{"0":{"name":"(anonymous_0)","decl":{"start":{"line":2,"column":17},"end":{"line":2,"column":18}},"loc":{"start":{"line":2,"column":43},"end":{"line":18,"column":1}},"line":2},"1":{"name":"(anonymous_1)","decl":{"start":{"line":6,"column":4},"end":{"line":6,"column":5}},"loc":{"start":{"line":6,"column":29},"end":{"line":8,"column":5}},"line":6}},"branchMap":{},"s":{"0":2,"1":2,"2":2,"3":2,"4":2},"f":{"0":2,"1":2},"b":{},"_coverageSchema":"1a1c01bbd47fc00a2c39e90264f33305004495a9","hash":"3d3cf1b46af1284224e892e0a40e97a7b7a179b8"}
,"/Users/hikmanisyarifulfajar/Documents/fase2/week3/ecommerce_server/models/index.js": {"path":"/Users/hikmanisyarifulfajar/Documents/fase2/week3/ecommerce_server/models/index.js","statementMap":{"0":{"start":{"line":3,"column":11},"end":{"line":3,"column":24}},"1":{"start":{"line":4,"column":13},"end":{"line":4,"column":28}},"2":{"start":{"line":5,"column":18},"end":{"line":5,"column":38}},"3":{"start":{"line":6,"column":17},"end":{"line":6,"column":42}},"4":{"start":{"line":7,"column":12},"end":{"line":7,"column":49}},"5":{"start":{"line":8,"column":15},"end":{"line":8,"column":58}},"6":{"start":{"line":9,"column":11},"end":{"line":9,"column":13}},"7":{"start":{"line":12,"column":0},"end":{"line":16,"column":1}},"8":{"start":{"line":13,"column":2},"end":{"line":13,"column":74}},"9":{"start":{"line":15,"column":2},"end":{"line":15,"column":87}},"10":{"start":{"line":18,"column":0},"end":{"line":26,"column":5}},"11":{"start":{"line":21,"column":4},"end":{"line":21,"column":90}},"12":{"start":{"line":24,"column":18},"end":{"line":24,"column":65}},"13":{"start":{"line":25,"column":4},"end":{"line":25,"column":27}},"14":{"start":{"line":28,"column":0},"end":{"line":32,"column":3}},"15":{"start":{"line":29,"column":2},"end":{"line":31,"column":3}},"16":{"start":{"line":30,"column":4},"end":{"line":30,"column":32}},"17":{"start":{"line":34,"column":0},"end":{"line":34,"column":25}},"18":{"start":{"line":35,"column":0},"end":{"line":35,"column":25}},"19":{"start":{"line":37,"column":0},"end":{"line":37,"column":20}}},"fnMap":{"0":{"name":"(anonymous_0)","decl":{"start":{"line":20,"column":10},"end":{"line":20,"column":11}},"loc":{"start":{"line":20,"column":18},"end":{"line":22,"column":3}},"line":20},"1":{"name":"(anonymous_1)","decl":{"start":{"line":23,"column":11},"end":{"line":23,"column":12}},"loc":{"start":{"line":23,"column":19},"end":{"line":26,"column":3}},"line":23},"2":{"name":"(anonymous_2)","decl":{"start":{"line":28,"column":24},"end":{"line":28,"column":25}},"loc":{"start":{"line":28,"column":37},"end":{"line":32,"column":1}},"line":28}},"branchMap":{"0":{"loc":{"start":{"line":7,"column":12},"end":{"line":7,"column":49}},"type":"binary-expr","locations":[{"start":{"line":7,"column":12},"end":{"line":7,"column":32}},{"start":{"line":7,"column":36},"end":{"line":7,"column":49}}],"line":7},"1":{"loc":{"start":{"line":12,"column":0},"end":{"line":16,"column":1}},"type":"if","locations":[{"start":{"line":12,"column":0},"end":{"line":16,"column":1}},{"start":{"line":12,"column":0},"end":{"line":16,"column":1}}],"line":12},"2":{"loc":{"start":{"line":21,"column":11},"end":{"line":21,"column":89}},"type":"binary-expr","locations":[{"start":{"line":21,"column":12},"end":{"line":21,"column":35}},{"start":{"line":21,"column":41},"end":{"line":21,"column":58}},{"start":{"line":21,"column":64},"end":{"line":21,"column":88}}],"line":21},"3":{"loc":{"start":{"line":29,"column":2},"end":{"line":31,"column":3}},"type":"if","locations":[{"start":{"line":29,"column":2},"end":{"line":31,"column":3}},{"start":{"line":29,"column":2},"end":{"line":31,"column":3}}],"line":29}},"s":{"0":2,"1":2,"2":2,"3":2,"4":2,"5":2,"6":2,"7":2,"8":0,"9":2,"10":2,"11":8,"12":6,"13":6,"14":2,"15":6,"16":6,"17":2,"18":2,"19":2},"f":{"0":8,"1":6,"2":6},"b":{"0":[2,0],"1":[0,2],"2":[8,8,6],"3":[6,0]},"_coverageSchema":"1a1c01bbd47fc00a2c39e90264f33305004495a9","hash":"541d04e6df8ad405e56657a2602b09fdf29babc0"}
,"/Users/hikmanisyarifulfajar/Documents/fase2/week3/ecommerce_server/models/product.js": {"path":"/Users/hikmanisyarifulfajar/Documents/fase2/week3/ecommerce_server/models/product.js","statementMap":{"0":{"start":{"line":2,"column":0},"end":{"line":89,"column":2}},"1":{"start":{"line":3,"column":16},"end":{"line":3,"column":41}},"2":{"start":{"line":7,"column":6},"end":{"line":7,"column":40}},"3":{"start":{"line":11,"column":2},"end":{"line":86,"column":4}},"4":{"start":{"line":54,"column":10},"end":{"line":58,"column":11}},"5":{"start":{"line":55,"column":12},"end":{"line":55,"column":18}},"6":{"start":{"line":57,"column":12},"end":{"line":57,"column":41}},"7":{"start":{"line":74,"column":10},"end":{"line":78,"column":11}},"8":{"start":{"line":75,"column":12},"end":{"line":75,"column":18}},"9":{"start":{"line":77,"column":12},"end":{"line":77,"column":51}},"10":{"start":{"line":88,"column":2},"end":{"line":88,"column":17}}},"fnMap":{"0":{"name":"(anonymous_0)","decl":{"start":{"line":2,"column":17},"end":{"line":2,"column":18}},"loc":{"start":{"line":2,"column":43},"end":{"line":89,"column":1}},"line":2},"1":{"name":"(anonymous_1)","decl":{"start":{"line":6,"column":4},"end":{"line":6,"column":5}},"loc":{"start":{"line":6,"column":30},"end":{"line":8,"column":5}},"line":6},"2":{"name":"(anonymous_2)","decl":{"start":{"line":53,"column":8},"end":{"line":53,"column":9}},"loc":{"start":{"line":53,"column":35},"end":{"line":59,"column":9}},"line":53},"3":{"name":"(anonymous_3)","decl":{"start":{"line":73,"column":8},"end":{"line":73,"column":9}},"loc":{"start":{"line":73,"column":35},"end":{"line":79,"column":9}},"line":73}},"branchMap":{"0":{"loc":{"start":{"line":54,"column":10},"end":{"line":58,"column":11}},"type":"if","locations":[{"start":{"line":54,"column":10},"end":{"line":58,"column":11}},{"start":{"line":54,"column":10},"end":{"line":58,"column":11}}],"line":54},"1":{"loc":{"start":{"line":74,"column":10},"end":{"line":78,"column":11}},"type":"if","locations":[{"start":{"line":74,"column":10},"end":{"line":78,"column":11}},{"start":{"line":74,"column":10},"end":{"line":78,"column":11}}],"line":74}},"s":{"0":2,"1":2,"2":2,"3":2,"4":61,"5":60,"6":1,"7":61,"8":60,"9":1,"10":2},"f":{"0":2,"1":2,"2":61,"3":61},"b":{"0":[60,1],"1":[60,1]},"_coverageSchema":"1a1c01bbd47fc00a2c39e90264f33305004495a9","hash":"94b18cf22f8148a4699b14262e34b07f94641446"}
,"/Users/hikmanisyarifulfajar/Documents/fase2/week3/ecommerce_server/models/user.js": {"path":"/Users/hikmanisyarifulfajar/Documents/fase2/week3/ecommerce_server/models/user.js","statementMap":{"0":{"start":{"line":2,"column":25},"end":{"line":2,"column":53}},"1":{"start":{"line":4,"column":0},"end":{"line":86,"column":2}},"2":{"start":{"line":5,"column":16},"end":{"line":5,"column":41}},"3":{"start":{"line":13,"column":2},"end":{"line":83,"column":4}},"4":{"start":{"line":78,"column":23},"end":{"line":78,"column":36}},"5":{"start":{"line":79,"column":19},"end":{"line":79,"column":41}},"6":{"start":{"line":80,"column":8},"end":{"line":80,"column":28}},"7":{"start":{"line":85,"column":2},"end":{"line":85,"column":14}}},"fnMap":{"0":{"name":"(anonymous_0)","decl":{"start":{"line":4,"column":17},"end":{"line":4,"column":18}},"loc":{"start":{"line":4,"column":43},"end":{"line":86,"column":1}},"line":4},"1":{"name":"(anonymous_1)","decl":{"start":{"line":8,"column":4},"end":{"line":8,"column":5}},"loc":{"start":{"line":8,"column":29},"end":{"line":10,"column":5}},"line":8},"2":{"name":"(anonymous_2)","decl":{"start":{"line":77,"column":21},"end":{"line":77,"column":22}},"loc":{"start":{"line":77,"column":40},"end":{"line":81,"column":7}},"line":77}},"branchMap":{},"s":{"0":2,"1":2,"2":2,"3":2,"4":69,"5":69,"6":69,"7":2},"f":{"0":2,"1":2,"2":69},"b":{},"_coverageSchema":"1a1c01bbd47fc00a2c39e90264f33305004495a9","hash":"3f28d997942266f528f83932d295c6e34fb770a5"}
,"/Users/hikmanisyarifulfajar/Documents/fase2/week3/ecommerce_server/routers/index.js": {"path":"/Users/hikmanisyarifulfajar/Documents/fase2/week3/ecommerce_server/routers/index.js","statementMap":{"0":{"start":{"line":1,"column":16},"end":{"line":1,"column":34}},"1":{"start":{"line":2,"column":15},"end":{"line":2,"column":31}},"2":{"start":{"line":3,"column":13},"end":{"line":3,"column":30}},"3":{"start":{"line":4,"column":16},"end":{"line":4,"column":36}},"4":{"start":{"line":6,"column":0},"end":{"line":6,"column":16}},"5":{"start":{"line":7,"column":0},"end":{"line":7,"column":32}},"6":{"start":{"line":9,"column":0},"end":{"line":9,"column":23}}},"fnMap":{},"branchMap":{},"s":{"0":2,"1":2,"2":2,"3":2,"4":2,"5":2,"6":2},"f":{},"b":{},"_coverageSchema":"1a1c01bbd47fc00a2c39e90264f33305004495a9","hash":"4b98af6817cdf87fc3578167ad4a2c3d19d9b059"}
,"/Users/hikmanisyarifulfajar/Documents/fase2/week3/ecommerce_server/routers/product.js": {"path":"/Users/hikmanisyarifulfajar/Documents/fase2/week3/ecommerce_server/routers/product.js","statementMap":{"0":{"start":{"line":1,"column":16},"end":{"line":1,"column":34}},"1":{"start":{"line":2,"column":15},"end":{"line":2,"column":31}},"2":{"start":{"line":3,"column":26},"end":{"line":3,"column":59}},"3":{"start":{"line":4,"column":23},"end":{"line":4,"column":63}},"4":{"start":{"line":5,"column":30},"end":{"line":5,"column":69}},"5":{"start":{"line":7,"column":0},"end":{"line":7,"column":26}},"6":{"start":{"line":8,"column":0},"end":{"line":8,"column":42}},"7":{"start":{"line":9,"column":0},"end":{"line":9,"column":62}},"8":{"start":{"line":10,"column":0},"end":{"line":10,"column":45}},"9":{"start":{"line":11,"column":0},"end":{"line":11,"column":64}},"10":{"start":{"line":12,"column":0},"end":{"line":12,"column":67}},"11":{"start":{"line":14,"column":0},"end":{"line":14,"column":23}}},"fnMap":{},"branchMap":{},"s":{"0":2,"1":2,"2":2,"3":2,"4":2,"5":2,"6":2,"7":2,"8":2,"9":2,"10":2,"11":2},"f":{},"b":{},"_coverageSchema":"1a1c01bbd47fc00a2c39e90264f33305004495a9","hash":"5d26b3ae58e269d817b1fa2d32e5b12093c448f3"}
,"/Users/hikmanisyarifulfajar/Documents/fase2/week3/ecommerce_server/routers/user.js": {"path":"/Users/hikmanisyarifulfajar/Documents/fase2/week3/ecommerce_server/routers/user.js","statementMap":{"0":{"start":{"line":1,"column":16},"end":{"line":1,"column":34}},"1":{"start":{"line":2,"column":15},"end":{"line":2,"column":31}},"2":{"start":{"line":3,"column":23},"end":{"line":3,"column":53}},"3":{"start":{"line":5,"column":0},"end":{"line":5,"column":49}},"4":{"start":{"line":6,"column":0},"end":{"line":6,"column":43}},"5":{"start":{"line":8,"column":0},"end":{"line":8,"column":23}}},"fnMap":{},"branchMap":{},"s":{"0":2,"1":2,"2":2,"3":2,"4":2,"5":2},"f":{},"b":{},"_coverageSchema":"1a1c01bbd47fc00a2c39e90264f33305004495a9","hash":"efa84e72e9141032dfc3b8186cd5e0a9614520b5"}
}
