{"C:\\Users\\adamj\\OneDrive\\Documents\\phase_2 mantap\\must get 50%\\e-commarce_cms\\ecommerce_server\\app.js": {"path":"C:\\Users\\adamj\\OneDrive\\Documents\\phase_2 mantap\\must get 50%\\e-commarce_cms\\ecommerce_server\\app.js","statementMap":{"0":{"start":{"line":1,"column":0},"end":{"line":1,"column":26}},"1":{"start":{"line":2,"column":16},"end":{"line":2,"column":34}},"2":{"start":{"line":3,"column":12},"end":{"line":3,"column":21}},"3":{"start":{"line":4,"column":13},"end":{"line":4,"column":28}},"4":{"start":{"line":5,"column":15},"end":{"line":5,"column":34}},"5":{"start":{"line":6,"column":21},"end":{"line":6,"column":57}},"6":{"start":{"line":8,"column":0},"end":{"line":8,"column":15}},"7":{"start":{"line":9,"column":0},"end":{"line":9,"column":45}},"8":{"start":{"line":10,"column":0},"end":{"line":10,"column":23}},"9":{"start":{"line":12,"column":0},"end":{"line":12,"column":15}},"10":{"start":{"line":14,"column":0},"end":{"line":14,"column":21}},"11":{"start":{"line":16,"column":0},"end":{"line":16,"column":20}}},"fnMap":{},"branchMap":{},"s":{"0":2,"1":2,"2":2,"3":2,"4":2,"5":2,"6":2,"7":2,"8":2,"9":2,"10":2,"11":2},"f":{},"b":{},"_coverageSchema":"1a1c01bbd47fc00a2c39e90264f33305004495a9","hash":"ebb460611552b37adc9ca150a23b572f51e2c4c2"}
,"C:\\Users\\adamj\\OneDrive\\Documents\\phase_2 mantap\\must get 50%\\e-commarce_cms\\ecommerce_server\\config\\config.js": {"path":"C:\\Users\\adamj\\OneDrive\\Documents\\phase_2 mantap\\must get 50%\\e-commarce_cms\\ecommerce_server\\config\\config.js","statementMap":{"0":{"start":{"line":1,"column":12},"end":{"line":1,"column":49}},"1":{"start":{"line":3,"column":0},"end":{"line":12,"column":1}},"2":{"start":{"line":5,"column":4},"end":{"line":5,"column":67}},"3":{"start":{"line":6,"column":4},"end":{"line":6,"column":10}},"4":{"start":{"line":8,"column":4},"end":{"line":8,"column":62}},"5":{"start":{"line":9,"column":4},"end":{"line":9,"column":10}},"6":{"start":{"line":11,"column":4},"end":{"line":11,"column":10}},"7":{"start":{"line":14,"column":0},"end":{"line":20,"column":1}}},"fnMap":{},"branchMap":{"0":{"loc":{"start":{"line":1,"column":12},"end":{"line":1,"column":49}},"type":"binary-expr","locations":[{"start":{"line":1,"column":12},"end":{"line":1,"column":32}},{"start":{"line":1,"column":36},"end":{"line":1,"column":49}}],"line":1},"1":{"loc":{"start":{"line":3,"column":0},"end":{"line":12,"column":1}},"type":"switch","locations":[{"start":{"line":4,"column":2},"end":{"line":6,"column":10}},{"start":{"line":7,"column":2},"end":{"line":9,"column":10}},{"start":{"line":10,"column":2},"end":{"line":11,"column":10}}],"line":3}},"s":{"0":2,"1":2,"2":2,"3":2,"4":0,"5":0,"6":0,"7":2},"f":{},"b":{"0":[2,0],"1":[2,0,0]},"_coverageSchema":"1a1c01bbd47fc00a2c39e90264f33305004495a9","hash":"2cb5398509778961735c49611cb67e4e6ef5c77c"}
,"C:\\Users\\adamj\\OneDrive\\Documents\\phase_2 mantap\\must get 50%\\e-commarce_cms\\ecommerce_server\\controller\\Cart.js": {"path":"C:\\Users\\adamj\\OneDrive\\Documents\\phase_2 mantap\\must get 50%\\e-commarce_cms\\ecommerce_server\\controller\\Cart.js","statementMap":{"0":{"start":{"line":1,"column":50},"end":{"line":1,"column":70}},"1":{"start":{"line":2,"column":15},"end":{"line":2,"column":35}},"2":{"start":{"line":6,"column":4},"end":{"line":15,"column":5}},"3":{"start":{"line":7,"column":21},"end":{"line":11,"column":8}},"4":{"start":{"line":12,"column":6},"end":{"line":12,"column":34}},"5":{"start":{"line":14,"column":6},"end":{"line":14,"column":17}},"6":{"start":{"line":18,"column":4},"end":{"line":34,"column":5}},"7":{"start":{"line":19,"column":21},"end":{"line":30,"column":8}},"8":{"start":{"line":31,"column":6},"end":{"line":31,"column":34}},"9":{"start":{"line":33,"column":6},"end":{"line":33,"column":17}},"10":{"start":{"line":37,"column":4},"end":{"line":85,"column":5}},"11":{"start":{"line":38,"column":33},"end":{"line":38,"column":41}},"12":{"start":{"line":39,"column":6},"end":{"line":39,"column":28}},"13":{"start":{"line":40,"column":19},"end":{"line":51,"column":8}},"14":{"start":{"line":52,"column":6},"end":{"line":82,"column":7}},"15":{"start":{"line":53,"column":22},"end":{"line":57,"column":10}},"16":{"start":{"line":58,"column":8},"end":{"line":65,"column":9}},"17":{"start":{"line":59,"column":10},"end":{"line":61,"column":12}},"18":{"start":{"line":63,"column":10},"end":{"line":63,"column":35}},"19":{"start":{"line":64,"column":10},"end":{"line":64,"column":25}},"20":{"start":{"line":67,"column":8},"end":{"line":67,"column":47}},"21":{"start":{"line":68,"column":24},"end":{"line":73,"column":10}},"22":{"start":{"line":74,"column":8},"end":{"line":81,"column":9}},"23":{"start":{"line":75,"column":10},"end":{"line":77,"column":12}},"24":{"start":{"line":79,"column":10},"end":{"line":79,"column":40}},"25":{"start":{"line":80,"column":10},"end":{"line":80,"column":25}},"26":{"start":{"line":84,"column":6},"end":{"line":84,"column":17}},"27":{"start":{"line":88,"column":4},"end":{"line":102,"column":5}},"28":{"start":{"line":89,"column":22},"end":{"line":89,"column":32}},"29":{"start":{"line":90,"column":19},"end":{"line":94,"column":8}},"30":{"start":{"line":95,"column":6},"end":{"line":99,"column":7}},"31":{"start":{"line":96,"column":8},"end":{"line":98,"column":10}},"32":{"start":{"line":101,"column":6},"end":{"line":101,"column":17}},"33":{"start":{"line":105,"column":4},"end":{"line":117,"column":5}},"34":{"start":{"line":106,"column":21},"end":{"line":106,"column":31}},"35":{"start":{"line":107,"column":19},"end":{"line":111,"column":8}},"36":{"start":{"line":112,"column":6},"end":{"line":114,"column":7}},"37":{"start":{"line":113,"column":8},"end":{"line":113,"column":34}},"38":{"start":{"line":116,"column":6},"end":{"line":116,"column":17}},"39":{"start":{"line":120,"column":4},"end":{"line":132,"column":5}},"40":{"start":{"line":121,"column":21},"end":{"line":121,"column":31}},"41":{"start":{"line":122,"column":19},"end":{"line":126,"column":8}},"42":{"start":{"line":127,"column":6},"end":{"line":129,"column":7}},"43":{"start":{"line":128,"column":8},"end":{"line":128,"column":34}},"44":{"start":{"line":131,"column":6},"end":{"line":131,"column":17}},"45":{"start":{"line":135,"column":4},"end":{"line":191,"column":5}},"46":{"start":{"line":137,"column":8},"end":{"line":188,"column":10}},"47":{"start":{"line":150,"column":10},"end":{"line":150,"column":28}},"48":{"start":{"line":151,"column":29},"end":{"line":151,"column":31}},"49":{"start":{"line":152,"column":10},"end":{"line":170,"column":12}},"50":{"start":{"line":153,"column":12},"end":{"line":168,"column":13}},"51":{"start":{"line":154,"column":14},"end":{"line":161,"column":17}},"52":{"start":{"line":163,"column":14},"end":{"line":167,"column":16}},"53":{"start":{"line":169,"column":12},"end":{"line":169,"column":44}},"54":{"start":{"line":173,"column":29},"end":{"line":173,"column":31}},"55":{"start":{"line":174,"column":10},"end":{"line":182,"column":12}},"56":{"start":{"line":175,"column":12},"end":{"line":180,"column":15}},"57":{"start":{"line":181,"column":12},"end":{"line":181,"column":44}},"58":{"start":{"line":185,"column":10},"end":{"line":187,"column":12}},"59":{"start":{"line":190,"column":6},"end":{"line":190,"column":17}},"60":{"start":{"line":194,"column":4},"end":{"line":199,"column":5}},"61":{"start":{"line":195,"column":19},"end":{"line":195,"column":43}},"62":{"start":{"line":196,"column":6},"end":{"line":196,"column":32}},"63":{"start":{"line":198,"column":6},"end":{"line":198,"column":17}},"64":{"start":{"line":203,"column":0},"end":{"line":203,"column":31}}},"fnMap":{"0":{"name":"(anonymous_0)","decl":{"start":{"line":5,"column":2},"end":{"line":5,"column":3}},"loc":{"start":{"line":5,"column":42},"end":{"line":16,"column":3}},"line":5},"1":{"name":"(anonymous_1)","decl":{"start":{"line":17,"column":2},"end":{"line":17,"column":3}},"loc":{"start":{"line":17,"column":38},"end":{"line":35,"column":3}},"line":17},"2":{"name":"(anonymous_2)","decl":{"start":{"line":36,"column":2},"end":{"line":36,"column":3}},"loc":{"start":{"line":36,"column":39},"end":{"line":86,"column":3}},"line":36},"3":{"name":"(anonymous_3)","decl":{"start":{"line":87,"column":2},"end":{"line":87,"column":3}},"loc":{"start":{"line":87,"column":37},"end":{"line":103,"column":3}},"line":87},"4":{"name":"(anonymous_4)","decl":{"start":{"line":104,"column":2},"end":{"line":104,"column":3}},"loc":{"start":{"line":104,"column":39},"end":{"line":118,"column":3}},"line":104},"5":{"name":"(anonymous_5)","decl":{"start":{"line":119,"column":2},"end":{"line":119,"column":3}},"loc":{"start":{"line":119,"column":40},"end":{"line":133,"column":3}},"line":119},"6":{"name":"(anonymous_6)","decl":{"start":{"line":134,"column":2},"end":{"line":134,"column":3}},"loc":{"start":{"line":134,"column":33},"end":{"line":192,"column":3}},"line":134},"7":{"name":"(anonymous_7)","decl":{"start":{"line":149,"column":14},"end":{"line":149,"column":15}},"loc":{"start":{"line":149,"column":22},"end":{"line":171,"column":9}},"line":149},"8":{"name":"(anonymous_8)","decl":{"start":{"line":152,"column":23},"end":{"line":152,"column":24}},"loc":{"start":{"line":152,"column":29},"end":{"line":170,"column":11}},"line":152},"9":{"name":"(anonymous_9)","decl":{"start":{"line":172,"column":14},"end":{"line":172,"column":15}},"loc":{"start":{"line":172,"column":22},"end":{"line":183,"column":9}},"line":172},"10":{"name":"(anonymous_10)","decl":{"start":{"line":174,"column":30},"end":{"line":174,"column":31}},"loc":{"start":{"line":174,"column":36},"end":{"line":182,"column":11}},"line":174},"11":{"name":"(anonymous_11)","decl":{"start":{"line":184,"column":14},"end":{"line":184,"column":15}},"loc":{"start":{"line":184,"column":22},"end":{"line":188,"column":9}},"line":184},"12":{"name":"(anonymous_12)","decl":{"start":{"line":193,"column":2},"end":{"line":193,"column":3}},"loc":{"start":{"line":193,"column":41},"end":{"line":200,"column":3}},"line":193}},"branchMap":{"0":{"loc":{"start":{"line":52,"column":6},"end":{"line":82,"column":7}},"type":"if","locations":[{"start":{"line":52,"column":6},"end":{"line":82,"column":7}},{"start":{"line":52,"column":6},"end":{"line":82,"column":7}}],"line":52},"1":{"loc":{"start":{"line":58,"column":8},"end":{"line":65,"column":9}},"type":"if","locations":[{"start":{"line":58,"column":8},"end":{"line":65,"column":9}},{"start":{"line":58,"column":8},"end":{"line":65,"column":9}}],"line":58},"2":{"loc":{"start":{"line":74,"column":8},"end":{"line":81,"column":9}},"type":"if","locations":[{"start":{"line":74,"column":8},"end":{"line":81,"column":9}},{"start":{"line":74,"column":8},"end":{"line":81,"column":9}}],"line":74},"3":{"loc":{"start":{"line":95,"column":6},"end":{"line":99,"column":7}},"type":"if","locations":[{"start":{"line":95,"column":6},"end":{"line":99,"column":7}},{"start":{"line":95,"column":6},"end":{"line":99,"column":7}}],"line":95},"4":{"loc":{"start":{"line":112,"column":6},"end":{"line":114,"column":7}},"type":"if","locations":[{"start":{"line":112,"column":6},"end":{"line":114,"column":7}},{"start":{"line":112,"column":6},"end":{"line":114,"column":7}}],"line":112},"5":{"loc":{"start":{"line":127,"column":6},"end":{"line":129,"column":7}},"type":"if","locations":[{"start":{"line":127,"column":6},"end":{"line":129,"column":7}},{"start":{"line":127,"column":6},"end":{"line":129,"column":7}}],"line":127},"6":{"loc":{"start":{"line":153,"column":12},"end":{"line":168,"column":13}},"type":"if","locations":[{"start":{"line":153,"column":12},"end":{"line":168,"column":13}},{"start":{"line":153,"column":12},"end":{"line":168,"column":13}}],"line":153}},"s":{"0":2,"1":2,"2":0,"3":0,"4":0,"5":0,"6":0,"7":0,"8":0,"9":0,"10":0,"11":0,"12":0,"13":0,"14":0,"15":0,"16":0,"17":0,"18":0,"19":0,"20":0,"21":0,"22":0,"23":0,"24":0,"25":0,"26":0,"27":0,"28":0,"29":0,"30":0,"31":0,"32":0,"33":0,"34":0,"35":0,"36":0,"37":0,"38":0,"39":0,"40":0,"41":0,"42":0,"43":0,"44":0,"45":0,"46":0,"47":0,"48":0,"49":0,"50":0,"51":0,"52":0,"53":0,"54":0,"55":0,"56":0,"57":0,"58":0,"59":0,"60":0,"61":0,"62":0,"63":0,"64":2},"f":{"0":0,"1":0,"2":0,"3":0,"4":0,"5":0,"6":0,"7":0,"8":0,"9":0,"10":0,"11":0,"12":0},"b":{"0":[0,0],"1":[0,0],"2":[0,0],"3":[0,0],"4":[0,0],"5":[0,0],"6":[0,0]},"_coverageSchema":"1a1c01bbd47fc00a2c39e90264f33305004495a9","hash":"cdfd230268806ef8d52be0df70f76717c95e363f"}
,"C:\\Users\\adamj\\OneDrive\\Documents\\phase_2 mantap\\must get 50%\\e-commarce_cms\\ecommerce_server\\controller\\product.js": {"path":"C:\\Users\\adamj\\OneDrive\\Documents\\phase_2 mantap\\must get 50%\\e-commarce_cms\\ecommerce_server\\controller\\product.js","statementMap":{"0":{"start":{"line":1,"column":41},"end":{"line":1,"column":61}},"1":{"start":{"line":5,"column":4},"end":{"line":26,"column":5}},"2":{"start":{"line":6,"column":67},"end":{"line":6,"column":75}},"3":{"start":{"line":7,"column":19},"end":{"line":14,"column":8}},"4":{"start":{"line":15,"column":6},"end":{"line":23,"column":7}},"5":{"start":{"line":16,"column":26},"end":{"line":18,"column":10}},"6":{"start":{"line":19,"column":8},"end":{"line":22,"column":10}},"7":{"start":{"line":25,"column":6},"end":{"line":25,"column":17}},"8":{"start":{"line":29,"column":4},"end":{"line":51,"column":5}},"9":{"start":{"line":30,"column":66},"end":{"line":30,"column":74}},"10":{"start":{"line":31,"column":21},"end":{"line":31,"column":31}},"11":{"start":{"line":32,"column":6},"end":{"line":32,"column":70}},"12":{"start":{"line":33,"column":19},"end":{"line":43,"column":8}},"13":{"start":{"line":44,"column":6},"end":{"line":48,"column":7}},"14":{"start":{"line":45,"column":8},"end":{"line":47,"column":10}},"15":{"start":{"line":50,"column":6},"end":{"line":50,"column":17}},"16":{"start":{"line":54,"column":19},"end":{"line":54,"column":29}},"17":{"start":{"line":55,"column":4},"end":{"line":75,"column":5}},"18":{"start":{"line":56,"column":19},"end":{"line":60,"column":8}},"19":{"start":{"line":61,"column":6},"end":{"line":72,"column":7}},"20":{"start":{"line":62,"column":8},"end":{"line":62,"column":29}},"21":{"start":{"line":63,"column":8},"end":{"line":65,"column":10}},"22":{"start":{"line":67,"column":8},"end":{"line":71,"column":9}},"23":{"start":{"line":74,"column":6},"end":{"line":74,"column":17}},"24":{"start":{"line":78,"column":19},"end":{"line":78,"column":29}},"25":{"start":{"line":79,"column":4},"end":{"line":88,"column":5}},"26":{"start":{"line":80,"column":19},"end":{"line":82,"column":8}},"27":{"start":{"line":83,"column":6},"end":{"line":85,"column":7}},"28":{"start":{"line":84,"column":8},"end":{"line":84,"column":34}},"29":{"start":{"line":87,"column":6},"end":{"line":87,"column":17}},"30":{"start":{"line":91,"column":4},"end":{"line":96,"column":5}},"31":{"start":{"line":92,"column":19},"end":{"line":92,"column":74}},"32":{"start":{"line":93,"column":6},"end":{"line":93,"column":32}},"33":{"start":{"line":95,"column":6},"end":{"line":95,"column":17}},"34":{"start":{"line":99,"column":19},"end":{"line":99,"column":29}},"35":{"start":{"line":100,"column":4},"end":{"line":111,"column":5}},"36":{"start":{"line":101,"column":19},"end":{"line":105,"column":8}},"37":{"start":{"line":106,"column":6},"end":{"line":108,"column":7}},"38":{"start":{"line":107,"column":8},"end":{"line":107,"column":34}},"39":{"start":{"line":110,"column":6},"end":{"line":110,"column":17}},"40":{"start":{"line":114,"column":4},"end":{"line":143,"column":5}},"41":{"start":{"line":115,"column":27},"end":{"line":115,"column":35}},"42":{"start":{"line":116,"column":19},"end":{"line":120,"column":8}},"43":{"start":{"line":121,"column":6},"end":{"line":140,"column":7}},"44":{"start":{"line":122,"column":23},"end":{"line":128,"column":27}},"45":{"start":{"line":129,"column":8},"end":{"line":129,"column":39}},"46":{"start":{"line":131,"column":22},"end":{"line":139,"column":10}},"47":{"start":{"line":142,"column":6},"end":{"line":142,"column":17}},"48":{"start":{"line":148,"column":0},"end":{"line":148,"column":37}}},"fnMap":{"0":{"name":"(anonymous_0)","decl":{"start":{"line":4,"column":2},"end":{"line":4,"column":3}},"loc":{"start":{"line":4,"column":41},"end":{"line":27,"column":3}},"line":4},"1":{"name":"(anonymous_1)","decl":{"start":{"line":28,"column":2},"end":{"line":28,"column":3}},"loc":{"start":{"line":28,"column":42},"end":{"line":52,"column":3}},"line":28},"2":{"name":"(anonymous_2)","decl":{"start":{"line":53,"column":2},"end":{"line":53,"column":3}},"loc":{"start":{"line":53,"column":44},"end":{"line":76,"column":3}},"line":53},"3":{"name":"(anonymous_3)","decl":{"start":{"line":77,"column":2},"end":{"line":77,"column":3}},"loc":{"start":{"line":77,"column":45},"end":{"line":89,"column":3}},"line":77},"4":{"name":"(anonymous_4)","decl":{"start":{"line":90,"column":2},"end":{"line":90,"column":3}},"loc":{"start":{"line":90,"column":45},"end":{"line":97,"column":3}},"line":90},"5":{"name":"(anonymous_5)","decl":{"start":{"line":98,"column":2},"end":{"line":98,"column":3}},"loc":{"start":{"line":98,"column":52},"end":{"line":112,"column":3}},"line":98},"6":{"name":"(anonymous_6)","decl":{"start":{"line":113,"column":2},"end":{"line":113,"column":3}},"loc":{"start":{"line":113,"column":37},"end":{"line":144,"column":3}},"line":113}},"branchMap":{"0":{"loc":{"start":{"line":15,"column":6},"end":{"line":23,"column":7}},"type":"if","locations":[{"start":{"line":15,"column":6},"end":{"line":23,"column":7}},{"start":{"line":15,"column":6},"end":{"line":23,"column":7}}],"line":15},"1":{"loc":{"start":{"line":44,"column":6},"end":{"line":48,"column":7}},"type":"if","locations":[{"start":{"line":44,"column":6},"end":{"line":48,"column":7}},{"start":{"line":44,"column":6},"end":{"line":48,"column":7}}],"line":44},"2":{"loc":{"start":{"line":61,"column":6},"end":{"line":72,"column":7}},"type":"if","locations":[{"start":{"line":61,"column":6},"end":{"line":72,"column":7}},{"start":{"line":61,"column":6},"end":{"line":72,"column":7}}],"line":61},"3":{"loc":{"start":{"line":83,"column":6},"end":{"line":85,"column":7}},"type":"if","locations":[{"start":{"line":83,"column":6},"end":{"line":85,"column":7}},{"start":{"line":83,"column":6},"end":{"line":85,"column":7}}],"line":83},"4":{"loc":{"start":{"line":106,"column":6},"end":{"line":108,"column":7}},"type":"if","locations":[{"start":{"line":106,"column":6},"end":{"line":108,"column":7}},{"start":{"line":106,"column":6},"end":{"line":108,"column":7}}],"line":106},"5":{"loc":{"start":{"line":121,"column":6},"end":{"line":140,"column":7}},"type":"if","locations":[{"start":{"line":121,"column":6},"end":{"line":140,"column":7}},{"start":{"line":121,"column":6},"end":{"line":140,"column":7}}],"line":121}},"s":{"0":2,"1":0,"2":0,"3":0,"4":0,"5":0,"6":0,"7":0,"8":0,"9":0,"10":0,"11":0,"12":0,"13":0,"14":0,"15":0,"16":0,"17":0,"18":0,"19":0,"20":0,"21":0,"22":0,"23":0,"24":0,"25":0,"26":0,"27":0,"28":0,"29":0,"30":1,"31":1,"32":1,"33":0,"34":0,"35":0,"36":0,"37":0,"38":0,"39":0,"40":0,"41":0,"42":0,"43":0,"44":0,"45":0,"46":0,"47":0,"48":2},"f":{"0":0,"1":0,"2":0,"3":0,"4":1,"5":0,"6":0},"b":{"0":[0,0],"1":[0,0],"2":[0,0],"3":[0,0],"4":[0,0],"5":[0,0]},"_coverageSchema":"1a1c01bbd47fc00a2c39e90264f33305004495a9","hash":"e26de9a9a65c4e79f9f8a01326f585fc33ac768a"}
,"C:\\Users\\adamj\\OneDrive\\Documents\\phase_2 mantap\\must get 50%\\e-commarce_cms\\ecommerce_server\\controller\\user.js": {"path":"C:\\Users\\adamj\\OneDrive\\Documents\\phase_2 mantap\\must get 50%\\e-commarce_cms\\ecommerce_server\\controller\\user.js","statementMap":{"0":{"start":{"line":1,"column":17},"end":{"line":1,"column":37}},"1":{"start":{"line":2,"column":22},"end":{"line":2,"column":48}},"2":{"start":{"line":3,"column":17},"end":{"line":3,"column":41}},"3":{"start":{"line":7,"column":6},"end":{"line":23,"column":7}},"4":{"start":{"line":8,"column":36},"end":{"line":8,"column":44}},"5":{"start":{"line":9,"column":24},"end":{"line":14,"column":10}},"6":{"start":{"line":15,"column":24},"end":{"line":19,"column":9}},"7":{"start":{"line":20,"column":8},"end":{"line":20,"column":37}},"8":{"start":{"line":22,"column":8},"end":{"line":22,"column":19}},"9":{"start":{"line":26,"column":6},"end":{"line":59,"column":7}},"10":{"start":{"line":27,"column":36},"end":{"line":27,"column":44}},"11":{"start":{"line":28,"column":27},"end":{"line":32,"column":10}},"12":{"start":{"line":33,"column":8},"end":{"line":56,"column":9}},"13":{"start":{"line":34,"column":27},"end":{"line":34,"column":66}},"14":{"start":{"line":35,"column":10},"end":{"line":49,"column":11}},"15":{"start":{"line":36,"column":28},"end":{"line":40,"column":13}},"16":{"start":{"line":41,"column":26},"end":{"line":41,"column":39}},"17":{"start":{"line":42,"column":12},"end":{"line":42,"column":41}},"18":{"start":{"line":44,"column":12},"end":{"line":48,"column":13}},"19":{"start":{"line":51,"column":10},"end":{"line":55,"column":11}},"20":{"start":{"line":58,"column":8},"end":{"line":58,"column":19}},"21":{"start":{"line":62,"column":6},"end":{"line":77,"column":7}},"22":{"start":{"line":63,"column":36},"end":{"line":63,"column":44}},"23":{"start":{"line":64,"column":24},"end":{"line":68,"column":10}},"24":{"start":{"line":69,"column":24},"end":{"line":73,"column":9}},"25":{"start":{"line":74,"column":8},"end":{"line":74,"column":37}},"26":{"start":{"line":76,"column":8},"end":{"line":76,"column":19}},"27":{"start":{"line":80,"column":6},"end":{"line":113,"column":7}},"28":{"start":{"line":81,"column":36},"end":{"line":81,"column":44}},"29":{"start":{"line":82,"column":27},"end":{"line":86,"column":10}},"30":{"start":{"line":87,"column":8},"end":{"line":110,"column":9}},"31":{"start":{"line":88,"column":27},"end":{"line":88,"column":66}},"32":{"start":{"line":89,"column":10},"end":{"line":103,"column":11}},"33":{"start":{"line":90,"column":28},"end":{"line":94,"column":13}},"34":{"start":{"line":95,"column":26},"end":{"line":95,"column":39}},"35":{"start":{"line":96,"column":12},"end":{"line":96,"column":41}},"36":{"start":{"line":98,"column":12},"end":{"line":102,"column":13}},"37":{"start":{"line":105,"column":10},"end":{"line":109,"column":11}},"38":{"start":{"line":112,"column":8},"end":{"line":112,"column":19}},"39":{"start":{"line":116,"column":6},"end":{"line":134,"column":7}},"40":{"start":{"line":117,"column":28},"end":{"line":117,"column":36}},"41":{"start":{"line":118,"column":21},"end":{"line":126,"column":10}},"42":{"start":{"line":127,"column":8},"end":{"line":131,"column":9}},"43":{"start":{"line":128,"column":10},"end":{"line":130,"column":12}},"44":{"start":{"line":133,"column":8},"end":{"line":133,"column":19}},"45":{"start":{"line":138,"column":0},"end":{"line":138,"column":31}}},"fnMap":{"0":{"name":"(anonymous_0)","decl":{"start":{"line":6,"column":4},"end":{"line":6,"column":5}},"loc":{"start":{"line":6,"column":45},"end":{"line":24,"column":5}},"line":6},"1":{"name":"(anonymous_1)","decl":{"start":{"line":25,"column":4},"end":{"line":25,"column":5}},"loc":{"start":{"line":25,"column":43},"end":{"line":60,"column":5}},"line":25},"2":{"name":"(anonymous_2)","decl":{"start":{"line":61,"column":4},"end":{"line":61,"column":5}},"loc":{"start":{"line":61,"column":45},"end":{"line":78,"column":5}},"line":61},"3":{"name":"(anonymous_3)","decl":{"start":{"line":79,"column":4},"end":{"line":79,"column":5}},"loc":{"start":{"line":79,"column":42},"end":{"line":114,"column":5}},"line":79},"4":{"name":"(anonymous_4)","decl":{"start":{"line":115,"column":4},"end":{"line":115,"column":5}},"loc":{"start":{"line":115,"column":43},"end":{"line":135,"column":5}},"line":115}},"branchMap":{"0":{"loc":{"start":{"line":33,"column":8},"end":{"line":56,"column":9}},"type":"if","locations":[{"start":{"line":33,"column":8},"end":{"line":56,"column":9}},{"start":{"line":33,"column":8},"end":{"line":56,"column":9}}],"line":33},"1":{"loc":{"start":{"line":35,"column":10},"end":{"line":49,"column":11}},"type":"if","locations":[{"start":{"line":35,"column":10},"end":{"line":49,"column":11}},{"start":{"line":35,"column":10},"end":{"line":49,"column":11}}],"line":35},"2":{"loc":{"start":{"line":87,"column":8},"end":{"line":110,"column":9}},"type":"if","locations":[{"start":{"line":87,"column":8},"end":{"line":110,"column":9}},{"start":{"line":87,"column":8},"end":{"line":110,"column":9}}],"line":87},"3":{"loc":{"start":{"line":89,"column":10},"end":{"line":103,"column":11}},"type":"if","locations":[{"start":{"line":89,"column":10},"end":{"line":103,"column":11}},{"start":{"line":89,"column":10},"end":{"line":103,"column":11}}],"line":89},"4":{"loc":{"start":{"line":127,"column":8},"end":{"line":131,"column":9}},"type":"if","locations":[{"start":{"line":127,"column":8},"end":{"line":131,"column":9}},{"start":{"line":127,"column":8},"end":{"line":131,"column":9}}],"line":127}},"s":{"0":2,"1":2,"2":2,"3":0,"4":0,"5":0,"6":0,"7":0,"8":0,"9":0,"10":0,"11":0,"12":0,"13":0,"14":0,"15":0,"16":0,"17":0,"18":0,"19":0,"20":0,"21":0,"22":0,"23":0,"24":0,"25":0,"26":0,"27":0,"28":0,"29":0,"30":0,"31":0,"32":0,"33":0,"34":0,"35":0,"36":0,"37":0,"38":0,"39":0,"40":0,"41":0,"42":0,"43":0,"44":0,"45":2},"f":{"0":0,"1":0,"2":0,"3":0,"4":0},"b":{"0":[0,0],"1":[0,0],"2":[0,0],"3":[0,0],"4":[0,0]},"_coverageSchema":"1a1c01bbd47fc00a2c39e90264f33305004495a9","hash":"ab6b4eb4b2104c3160e7be0c5bd664c8f58028b6"}
,"C:\\Users\\adamj\\OneDrive\\Documents\\phase_2 mantap\\must get 50%\\e-commarce_cms\\ecommerce_server\\helper\\bcypt.js": {"path":"C:\\Users\\adamj\\OneDrive\\Documents\\phase_2 mantap\\must get 50%\\e-commarce_cms\\ecommerce_server\\helper\\bcypt.js","statementMap":{"0":{"start":{"line":1,"column":15},"end":{"line":1,"column":34}},"1":{"start":{"line":2,"column":13},"end":{"line":2,"column":30}},"2":{"start":{"line":6,"column":17},"end":{"line":6,"column":47}},"3":{"start":{"line":7,"column":4},"end":{"line":7,"column":15}},"4":{"start":{"line":10,"column":15},"end":{"line":10,"column":50}},"5":{"start":{"line":11,"column":4},"end":{"line":11,"column":13}},"6":{"start":{"line":15,"column":0},"end":{"line":15,"column":29}}},"fnMap":{"0":{"name":"(anonymous_0)","decl":{"start":{"line":5,"column":2},"end":{"line":5,"column":3}},"loc":{"start":{"line":5,"column":27},"end":{"line":8,"column":3}},"line":5},"1":{"name":"(anonymous_1)","decl":{"start":{"line":9,"column":2},"end":{"line":9,"column":3}},"loc":{"start":{"line":9,"column":36},"end":{"line":12,"column":3}},"line":9}},"branchMap":{},"s":{"0":2,"1":2,"2":19,"3":19,"4":0,"5":0,"6":2},"f":{"0":19,"1":0},"b":{},"_coverageSchema":"1a1c01bbd47fc00a2c39e90264f33305004495a9","hash":"a821d3280e8576ba1e6fa933340915faf2362693"}
,"C:\\Users\\adamj\\OneDrive\\Documents\\phase_2 mantap\\must get 50%\\e-commarce_cms\\ecommerce_server\\helper\\jwt.js": {"path":"C:\\Users\\adamj\\OneDrive\\Documents\\phase_2 mantap\\must get 50%\\e-commarce_cms\\ecommerce_server\\helper\\jwt.js","statementMap":{"0":{"start":{"line":1,"column":12},"end":{"line":1,"column":35}},"1":{"start":{"line":2,"column":15},"end":{"line":2,"column":33}},"2":{"start":{"line":5,"column":18},"end":{"line":5,"column":44}},"3":{"start":{"line":6,"column":4},"end":{"line":6,"column":16}},"4":{"start":{"line":9,"column":20},"end":{"line":9,"column":44}},"5":{"start":{"line":10,"column":4},"end":{"line":10,"column":18}},"6":{"start":{"line":14,"column":0},"end":{"line":14,"column":26}}},"fnMap":{"0":{"name":"(anonymous_0)","decl":{"start":{"line":4,"column":2},"end":{"line":4,"column":3}},"loc":{"start":{"line":4,"column":23},"end":{"line":7,"column":3}},"line":4},"1":{"name":"(anonymous_1)","decl":{"start":{"line":8,"column":2},"end":{"line":8,"column":3}},"loc":{"start":{"line":8,"column":24},"end":{"line":11,"column":3}},"line":8}},"branchMap":{},"s":{"0":2,"1":2,"2":17,"3":17,"4":16,"5":16,"6":2},"f":{"0":17,"1":16},"b":{},"_coverageSchema":"1a1c01bbd47fc00a2c39e90264f33305004495a9","hash":"1a3738423a41b07fc277dcd03df8f551520571c3"}
,"C:\\Users\\adamj\\OneDrive\\Documents\\phase_2 mantap\\must get 50%\\e-commarce_cms\\ecommerce_server\\middleware\\authentication.js": {"path":"C:\\Users\\adamj\\OneDrive\\Documents\\phase_2 mantap\\must get 50%\\e-commarce_cms\\ecommerce_server\\middleware\\authentication.js","statementMap":{"0":{"start":{"line":1,"column":19},"end":{"line":1,"column":43}},"1":{"start":{"line":2,"column":17},"end":{"line":2,"column":37}},"2":{"start":{"line":4,"column":0},"end":{"line":24,"column":1}},"3":{"start":{"line":5,"column":2},"end":{"line":23,"column":3}},"4":{"start":{"line":6,"column":20},"end":{"line":6,"column":45}},"5":{"start":{"line":7,"column":4},"end":{"line":7,"column":38}},"6":{"start":{"line":8,"column":4},"end":{"line":8,"column":39}},"7":{"start":{"line":9,"column":19},"end":{"line":13,"column":6}},"8":{"start":{"line":14,"column":4},"end":{"line":20,"column":5}},"9":{"start":{"line":15,"column":6},"end":{"line":15,"column":12}},"10":{"start":{"line":17,"column":6},"end":{"line":19,"column":7}},"11":{"start":{"line":22,"column":4},"end":{"line":22,"column":15}}},"fnMap":{"0":{"name":"(anonymous_0)","decl":{"start":{"line":4,"column":17},"end":{"line":4,"column":18}},"loc":{"start":{"line":4,"column":41},"end":{"line":24,"column":1}},"line":4}},"branchMap":{"0":{"loc":{"start":{"line":14,"column":4},"end":{"line":20,"column":5}},"type":"if","locations":[{"start":{"line":14,"column":4},"end":{"line":20,"column":5}},{"start":{"line":14,"column":4},"end":{"line":20,"column":5}}],"line":14}},"s":{"0":2,"1":2,"2":2,"3":16,"4":16,"5":16,"6":16,"7":16,"8":0,"9":0,"10":0,"11":16},"f":{"0":16},"b":{"0":[0,0]},"_coverageSchema":"1a1c01bbd47fc00a2c39e90264f33305004495a9","hash":"a82a395b046b42a6fe97cbdcfd5f12b5fbc7b147"}
,"C:\\Users\\adamj\\OneDrive\\Documents\\phase_2 mantap\\must get 50%\\e-commarce_cms\\ecommerce_server\\middleware\\authorized.js": {"path":"C:\\Users\\adamj\\OneDrive\\Documents\\phase_2 mantap\\must get 50%\\e-commarce_cms\\ecommerce_server\\middleware\\authorized.js","statementMap":{"0":{"start":{"line":1,"column":17},"end":{"line":1,"column":37}},"1":{"start":{"line":3,"column":0},"end":{"line":20,"column":1}},"2":{"start":{"line":4,"column":2},"end":{"line":19,"column":3}},"3":{"start":{"line":5,"column":19},"end":{"line":9,"column":6}},"4":{"start":{"line":10,"column":4},"end":{"line":16,"column":5}},"5":{"start":{"line":11,"column":6},"end":{"line":11,"column":12}},"6":{"start":{"line":13,"column":6},"end":{"line":15,"column":7}},"7":{"start":{"line":18,"column":4},"end":{"line":18,"column":15}}},"fnMap":{"0":{"name":"(anonymous_0)","decl":{"start":{"line":3,"column":17},"end":{"line":3,"column":18}},"loc":{"start":{"line":3,"column":41},"end":{"line":20,"column":1}},"line":3}},"branchMap":{"0":{"loc":{"start":{"line":10,"column":4},"end":{"line":16,"column":5}},"type":"if","locations":[{"start":{"line":10,"column":4},"end":{"line":16,"column":5}},{"start":{"line":10,"column":4},"end":{"line":16,"column":5}}],"line":10}},"s":{"0":2,"1":2,"2":0,"3":0,"4":0,"5":0,"6":0,"7":0},"f":{"0":0},"b":{"0":[0,0]},"_coverageSchema":"1a1c01bbd47fc00a2c39e90264f33305004495a9","hash":"37884d5c2c353611e4a23c36246e2f0addf6a7fc"}
,"C:\\Users\\adamj\\OneDrive\\Documents\\phase_2 mantap\\must get 50%\\e-commarce_cms\\ecommerce_server\\middleware\\errorHandler.js": {"path":"C:\\Users\\adamj\\OneDrive\\Documents\\phase_2 mantap\\must get 50%\\e-commarce_cms\\ecommerce_server\\middleware\\errorHandler.js","statementMap":{"0":{"start":{"line":1,"column":0},"end":{"line":35,"column":1}},"1":{"start":{"line":2,"column":2},"end":{"line":2,"column":18}},"2":{"start":{"line":3,"column":12},"end":{"line":6,"column":3}},"3":{"start":{"line":7,"column":2},"end":{"line":34,"column":3}},"4":{"start":{"line":8,"column":14},"end":{"line":8,"column":16}},"5":{"start":{"line":9,"column":4},"end":{"line":11,"column":6}},"6":{"start":{"line":10,"column":6},"end":{"line":10,"column":26}},"7":{"start":{"line":12,"column":4},"end":{"line":12,"column":21}},"8":{"start":{"line":13,"column":4},"end":{"line":13,"column":20}},"9":{"start":{"line":14,"column":4},"end":{"line":14,"column":36}},"10":{"start":{"line":16,"column":7},"end":{"line":34,"column":3}},"11":{"start":{"line":17,"column":4},"end":{"line":17,"column":27}},"12":{"start":{"line":18,"column":4},"end":{"line":18,"column":29}},"13":{"start":{"line":19,"column":4},"end":{"line":19,"column":20}},"14":{"start":{"line":20,"column":4},"end":{"line":20,"column":36}},"15":{"start":{"line":22,"column":7},"end":{"line":34,"column":3}},"16":{"start":{"line":23,"column":4},"end":{"line":23,"column":20}},"17":{"start":{"line":24,"column":4},"end":{"line":24,"column":43}},"18":{"start":{"line":25,"column":4},"end":{"line":25,"column":36}},"19":{"start":{"line":27,"column":7},"end":{"line":34,"column":3}},"20":{"start":{"line":28,"column":4},"end":{"line":28,"column":20}},"21":{"start":{"line":29,"column":4},"end":{"line":29,"column":47}},"22":{"start":{"line":30,"column":4},"end":{"line":30,"column":36}},"23":{"start":{"line":33,"column":4},"end":{"line":33,"column":36}}},"fnMap":{"0":{"name":"(anonymous_0)","decl":{"start":{"line":1,"column":17},"end":{"line":1,"column":18}},"loc":{"start":{"line":1,"column":39},"end":{"line":35,"column":1}},"line":1},"1":{"name":"(anonymous_1)","decl":{"start":{"line":9,"column":23},"end":{"line":9,"column":24}},"loc":{"start":{"line":9,"column":29},"end":{"line":11,"column":5}},"line":9}},"branchMap":{"0":{"loc":{"start":{"line":7,"column":2},"end":{"line":34,"column":3}},"type":"if","locations":[{"start":{"line":7,"column":2},"end":{"line":34,"column":3}},{"start":{"line":7,"column":2},"end":{"line":34,"column":3}}],"line":7},"1":{"loc":{"start":{"line":16,"column":7},"end":{"line":34,"column":3}},"type":"if","locations":[{"start":{"line":16,"column":7},"end":{"line":34,"column":3}},{"start":{"line":16,"column":7},"end":{"line":34,"column":3}}],"line":16},"2":{"loc":{"start":{"line":22,"column":7},"end":{"line":34,"column":3}},"type":"if","locations":[{"start":{"line":22,"column":7},"end":{"line":34,"column":3}},{"start":{"line":22,"column":7},"end":{"line":34,"column":3}}],"line":22},"3":{"loc":{"start":{"line":27,"column":7},"end":{"line":34,"column":3}},"type":"if","locations":[{"start":{"line":27,"column":7},"end":{"line":34,"column":3}},{"start":{"line":27,"column":7},"end":{"line":34,"column":3}}],"line":27}},"s":{"0":2,"1":16,"2":16,"3":16,"4":0,"5":0,"6":0,"7":0,"8":0,"9":0,"10":16,"11":0,"12":0,"13":0,"14":0,"15":16,"16":0,"17":0,"18":0,"19":16,"20":0,"21":0,"22":0,"23":16},"f":{"0":16,"1":0},"b":{"0":[0,16],"1":[0,16],"2":[0,16],"3":[0,16]},"_coverageSchema":"1a1c01bbd47fc00a2c39e90264f33305004495a9","hash":"086da4a84a22083458f56b1d58496b94cd70b150"}
,"C:\\Users\\adamj\\OneDrive\\Documents\\phase_2 mantap\\must get 50%\\e-commarce_cms\\ecommerce_server\\models\\cart.js": {"path":"C:\\Users\\adamj\\OneDrive\\Documents\\phase_2 mantap\\must get 50%\\e-commarce_cms\\ecommerce_server\\models\\cart.js","statementMap":{"0":{"start":{"line":2,"column":0},"end":{"line":24,"column":2}},"1":{"start":{"line":5,"column":6},"end":{"line":5,"column":39}},"2":{"start":{"line":6,"column":6},"end":{"line":6,"column":33}},"3":{"start":{"line":9,"column":2},"end":{"line":22,"column":16}},"4":{"start":{"line":23,"column":2},"end":{"line":23,"column":14}}},"fnMap":{"0":{"name":"(anonymous_0)","decl":{"start":{"line":2,"column":17},"end":{"line":2,"column":18}},"loc":{"start":{"line":2,"column":43},"end":{"line":24,"column":1}},"line":2},"1":{"name":"(anonymous_1)","decl":{"start":{"line":4,"column":4},"end":{"line":4,"column":5}},"loc":{"start":{"line":4,"column":30},"end":{"line":7,"column":5}},"line":4}},"branchMap":{},"s":{"0":2,"1":2,"2":2,"3":2,"4":2},"f":{"0":2,"1":2},"b":{},"_coverageSchema":"1a1c01bbd47fc00a2c39e90264f33305004495a9","hash":"f4e2c5d0bd72ceb2f04649b4767c75f347c6b969"}
,"C:\\Users\\adamj\\OneDrive\\Documents\\phase_2 mantap\\must get 50%\\e-commarce_cms\\ecommerce_server\\models\\category.js": {"path":"C:\\Users\\adamj\\OneDrive\\Documents\\phase_2 mantap\\must get 50%\\e-commarce_cms\\ecommerce_server\\models\\category.js","statementMap":{"0":{"start":{"line":2,"column":0},"end":{"line":13,"column":2}},"1":{"start":{"line":7,"column":2},"end":{"line":11,"column":16}},"2":{"start":{"line":12,"column":2},"end":{"line":12,"column":18}}},"fnMap":{"0":{"name":"(anonymous_0)","decl":{"start":{"line":2,"column":17},"end":{"line":2,"column":18}},"loc":{"start":{"line":2,"column":43},"end":{"line":13,"column":1}},"line":2},"1":{"name":"(anonymous_1)","decl":{"start":{"line":4,"column":4},"end":{"line":4,"column":5}},"loc":{"start":{"line":4,"column":30},"end":{"line":5,"column":5}},"line":4}},"branchMap":{},"s":{"0":2,"1":2,"2":2},"f":{"0":2,"1":2},"b":{},"_coverageSchema":"1a1c01bbd47fc00a2c39e90264f33305004495a9","hash":"11d536597c80d1588a6ed96b07885032b5f47377"}
,"C:\\Users\\adamj\\OneDrive\\Documents\\phase_2 mantap\\must get 50%\\e-commarce_cms\\ecommerce_server\\models\\index.js": {"path":"C:\\Users\\adamj\\OneDrive\\Documents\\phase_2 mantap\\must get 50%\\e-commarce_cms\\ecommerce_server\\models\\index.js","statementMap":{"0":{"start":{"line":3,"column":11},"end":{"line":3,"column":24}},"1":{"start":{"line":4,"column":13},"end":{"line":4,"column":28}},"2":{"start":{"line":5,"column":18},"end":{"line":5,"column":38}},"3":{"start":{"line":6,"column":17},"end":{"line":6,"column":42}},"4":{"start":{"line":7,"column":12},"end":{"line":7,"column":49}},"5":{"start":{"line":8,"column":15},"end":{"line":8,"column":58}},"6":{"start":{"line":9,"column":11},"end":{"line":9,"column":13}},"7":{"start":{"line":12,"column":0},"end":{"line":19,"column":1}},"8":{"start":{"line":13,"column":2},"end":{"line":16,"column":5}},"9":{"start":{"line":18,"column":2},"end":{"line":18,"column":87}},"10":{"start":{"line":21,"column":0},"end":{"line":29,"column":5}},"11":{"start":{"line":24,"column":4},"end":{"line":24,"column":90}},"12":{"start":{"line":27,"column":18},"end":{"line":27,"column":65}},"13":{"start":{"line":28,"column":4},"end":{"line":28,"column":27}},"14":{"start":{"line":31,"column":0},"end":{"line":35,"column":3}},"15":{"start":{"line":32,"column":2},"end":{"line":34,"column":3}},"16":{"start":{"line":33,"column":4},"end":{"line":33,"column":32}},"17":{"start":{"line":37,"column":0},"end":{"line":37,"column":25}},"18":{"start":{"line":38,"column":0},"end":{"line":38,"column":25}},"19":{"start":{"line":40,"column":0},"end":{"line":40,"column":20}}},"fnMap":{"0":{"name":"(anonymous_0)","decl":{"start":{"line":23,"column":10},"end":{"line":23,"column":11}},"loc":{"start":{"line":23,"column":18},"end":{"line":25,"column":3}},"line":23},"1":{"name":"(anonymous_1)","decl":{"start":{"line":26,"column":11},"end":{"line":26,"column":12}},"loc":{"start":{"line":26,"column":19},"end":{"line":29,"column":3}},"line":26},"2":{"name":"(anonymous_2)","decl":{"start":{"line":31,"column":24},"end":{"line":31,"column":25}},"loc":{"start":{"line":31,"column":37},"end":{"line":35,"column":1}},"line":31}},"branchMap":{"0":{"loc":{"start":{"line":7,"column":12},"end":{"line":7,"column":49}},"type":"binary-expr","locations":[{"start":{"line":7,"column":12},"end":{"line":7,"column":32}},{"start":{"line":7,"column":36},"end":{"line":7,"column":49}}],"line":7},"1":{"loc":{"start":{"line":12,"column":0},"end":{"line":19,"column":1}},"type":"if","locations":[{"start":{"line":12,"column":0},"end":{"line":19,"column":1}},{"start":{"line":12,"column":0},"end":{"line":19,"column":1}}],"line":12},"2":{"loc":{"start":{"line":24,"column":11},"end":{"line":24,"column":89}},"type":"binary-expr","locations":[{"start":{"line":24,"column":12},"end":{"line":24,"column":35}},{"start":{"line":24,"column":41},"end":{"line":24,"column":58}},{"start":{"line":24,"column":64},"end":{"line":24,"column":88}}],"line":24},"3":{"loc":{"start":{"line":32,"column":2},"end":{"line":34,"column":3}},"type":"if","locations":[{"start":{"line":32,"column":2},"end":{"line":34,"column":3}},{"start":{"line":32,"column":2},"end":{"line":34,"column":3}}],"line":32}},"s":{"0":2,"1":2,"2":2,"3":2,"4":2,"5":2,"6":2,"7":2,"8":0,"9":2,"10":2,"11":14,"12":12,"13":12,"14":2,"15":12,"16":12,"17":2,"18":2,"19":2},"f":{"0":14,"1":12,"2":12},"b":{"0":[2,0],"1":[0,2],"2":[14,14,12],"3":[12,0]},"_coverageSchema":"1a1c01bbd47fc00a2c39e90264f33305004495a9","hash":"32e2b7646ac42c29e429e456eaef2c43168f23a6"}
,"C:\\Users\\adamj\\OneDrive\\Documents\\phase_2 mantap\\must get 50%\\e-commarce_cms\\ecommerce_server\\models\\production.js": {"path":"C:\\Users\\adamj\\OneDrive\\Documents\\phase_2 mantap\\must get 50%\\e-commarce_cms\\ecommerce_server\\models\\production.js","statementMap":{"0":{"start":{"line":2,"column":0},"end":{"line":90,"column":2}},"1":{"start":{"line":5,"column":6},"end":{"line":5,"column":67}},"2":{"start":{"line":6,"column":6},"end":{"line":6,"column":43}},"3":{"start":{"line":7,"column":6},"end":{"line":7,"column":39}},"4":{"start":{"line":11,"column":2},"end":{"line":88,"column":16}},"5":{"start":{"line":89,"column":2},"end":{"line":89,"column":20}}},"fnMap":{"0":{"name":"(anonymous_0)","decl":{"start":{"line":2,"column":17},"end":{"line":2,"column":18}},"loc":{"start":{"line":2,"column":43},"end":{"line":90,"column":1}},"line":2},"1":{"name":"(anonymous_1)","decl":{"start":{"line":4,"column":4},"end":{"line":4,"column":5}},"loc":{"start":{"line":4,"column":29},"end":{"line":8,"column":5}},"line":4}},"branchMap":{},"s":{"0":2,"1":2,"2":2,"3":2,"4":2,"5":2},"f":{"0":2,"1":2},"b":{},"_coverageSchema":"1a1c01bbd47fc00a2c39e90264f33305004495a9","hash":"0f55585f1fbd877dff65e73bea4b2bbad32da2dd"}
,"C:\\Users\\adamj\\OneDrive\\Documents\\phase_2 mantap\\must get 50%\\e-commarce_cms\\ecommerce_server\\models\\rating.js": {"path":"C:\\Users\\adamj\\OneDrive\\Documents\\phase_2 mantap\\must get 50%\\e-commarce_cms\\ecommerce_server\\models\\rating.js","statementMap":{"0":{"start":{"line":2,"column":0},"end":{"line":13,"column":2}},"1":{"start":{"line":3,"column":17},"end":{"line":7,"column":8}},"2":{"start":{"line":8,"column":2},"end":{"line":11,"column":4}},"3":{"start":{"line":10,"column":4},"end":{"line":10,"column":39}},"4":{"start":{"line":12,"column":2},"end":{"line":12,"column":16}}},"fnMap":{"0":{"name":"(anonymous_0)","decl":{"start":{"line":2,"column":17},"end":{"line":2,"column":18}},"loc":{"start":{"line":2,"column":43},"end":{"line":13,"column":1}},"line":2},"1":{"name":"(anonymous_1)","decl":{"start":{"line":8,"column":21},"end":{"line":8,"column":22}},"loc":{"start":{"line":8,"column":38},"end":{"line":11,"column":3}},"line":8}},"branchMap":{},"s":{"0":2,"1":2,"2":2,"3":2,"4":2},"f":{"0":2,"1":2},"b":{},"_coverageSchema":"1a1c01bbd47fc00a2c39e90264f33305004495a9","hash":"c0b74f476f739303a065aec475ba4df0f64d7706"}
,"C:\\Users\\adamj\\OneDrive\\Documents\\phase_2 mantap\\must get 50%\\e-commarce_cms\\ecommerce_server\\models\\role.js": {"path":"C:\\Users\\adamj\\OneDrive\\Documents\\phase_2 mantap\\must get 50%\\e-commarce_cms\\ecommerce_server\\models\\role.js","statementMap":{"0":{"start":{"line":2,"column":0},"end":{"line":15,"column":2}},"1":{"start":{"line":5,"column":6},"end":{"line":5,"column":31}},"2":{"start":{"line":9,"column":2},"end":{"line":13,"column":16}},"3":{"start":{"line":14,"column":2},"end":{"line":14,"column":14}}},"fnMap":{"0":{"name":"(anonymous_0)","decl":{"start":{"line":2,"column":17},"end":{"line":2,"column":18}},"loc":{"start":{"line":2,"column":43},"end":{"line":15,"column":1}},"line":2},"1":{"name":"(anonymous_1)","decl":{"start":{"line":4,"column":4},"end":{"line":4,"column":5}},"loc":{"start":{"line":4,"column":30},"end":{"line":6,"column":5}},"line":4}},"branchMap":{},"s":{"0":2,"1":2,"2":2,"3":2},"f":{"0":2,"1":2},"b":{},"_coverageSchema":"1a1c01bbd47fc00a2c39e90264f33305004495a9","hash":"01ea3dab2d11d0d6fc6b07a504c8db5af44c19b4"}
,"C:\\Users\\adamj\\OneDrive\\Documents\\phase_2 mantap\\must get 50%\\e-commarce_cms\\ecommerce_server\\models\\user.js": {"path":"C:\\Users\\adamj\\OneDrive\\Documents\\phase_2 mantap\\must get 50%\\e-commarce_cms\\ecommerce_server\\models\\user.js","statementMap":{"0":{"start":{"line":2,"column":19},"end":{"line":2,"column":45}},"1":{"start":{"line":3,"column":0},"end":{"line":55,"column":2}},"2":{"start":{"line":6,"column":6},"end":{"line":6,"column":33}},"3":{"start":{"line":7,"column":6},"end":{"line":7,"column":67}},"4":{"start":{"line":11,"column":2},"end":{"line":53,"column":4}},"5":{"start":{"line":50,"column":8},"end":{"line":50,"column":45}},"6":{"start":{"line":54,"column":2},"end":{"line":54,"column":14}}},"fnMap":{"0":{"name":"(anonymous_0)","decl":{"start":{"line":3,"column":17},"end":{"line":3,"column":18}},"loc":{"start":{"line":3,"column":43},"end":{"line":55,"column":1}},"line":3},"1":{"name":"(anonymous_1)","decl":{"start":{"line":5,"column":4},"end":{"line":5,"column":5}},"loc":{"start":{"line":5,"column":29},"end":{"line":8,"column":5}},"line":5},"2":{"name":"(anonymous_2)","decl":{"start":{"line":49,"column":21},"end":{"line":49,"column":22}},"loc":{"start":{"line":49,"column":38},"end":{"line":51,"column":7}},"line":49}},"branchMap":{},"s":{"0":2,"1":2,"2":2,"3":2,"4":2,"5":19,"6":2},"f":{"0":2,"1":2,"2":19},"b":{},"_coverageSchema":"1a1c01bbd47fc00a2c39e90264f33305004495a9","hash":"dd0c25af63fb2f95cbd15f149f9d935a2c87e03f"}
,"C:\\Users\\adamj\\OneDrive\\Documents\\phase_2 mantap\\must get 50%\\e-commarce_cms\\ecommerce_server\\routes\\Cart.js": {"path":"C:\\Users\\adamj\\OneDrive\\Documents\\phase_2 mantap\\must get 50%\\e-commarce_cms\\ecommerce_server\\routes\\Cart.js","statementMap":{"0":{"start":{"line":1,"column":16},"end":{"line":1,"column":41}},"1":{"start":{"line":2,"column":15},"end":{"line":2,"column":24}},"2":{"start":{"line":3,"column":19},"end":{"line":3,"column":48}},"3":{"start":{"line":4,"column":13},"end":{"line":4,"column":52}},"4":{"start":{"line":5,"column":14},"end":{"line":5,"column":49}},"5":{"start":{"line":7,"column":0},"end":{"line":7,"column":49}},"6":{"start":{"line":8,"column":0},"end":{"line":8,"column":16}},"7":{"start":{"line":9,"column":0},"end":{"line":9,"column":56}},"8":{"start":{"line":10,"column":0},"end":{"line":10,"column":41}},"9":{"start":{"line":11,"column":0},"end":{"line":11,"column":38}},"10":{"start":{"line":12,"column":0},"end":{"line":12,"column":45}},"11":{"start":{"line":13,"column":0},"end":{"line":13,"column":52}},"12":{"start":{"line":14,"column":0},"end":{"line":14,"column":48}},"13":{"start":{"line":17,"column":0},"end":{"line":17,"column":23}}},"fnMap":{},"branchMap":{},"s":{"0":2,"1":2,"2":2,"3":2,"4":2,"5":2,"6":2,"7":2,"8":2,"9":2,"10":2,"11":2,"12":2,"13":2},"f":{},"b":{},"_coverageSchema":"1a1c01bbd47fc00a2c39e90264f33305004495a9","hash":"f7ed721bb835dafa91bd405ee7d0788ae1609ded"}
,"C:\\Users\\adamj\\OneDrive\\Documents\\phase_2 mantap\\must get 50%\\e-commarce_cms\\ecommerce_server\\routes\\index.js": {"path":"C:\\Users\\adamj\\OneDrive\\Documents\\phase_2 mantap\\must get 50%\\e-commarce_cms\\ecommerce_server\\routes\\index.js","statementMap":{"0":{"start":{"line":1,"column":16},"end":{"line":1,"column":41}},"1":{"start":{"line":2,"column":15},"end":{"line":2,"column":24}},"2":{"start":{"line":3,"column":13},"end":{"line":3,"column":30}},"3":{"start":{"line":4,"column":19},"end":{"line":4,"column":39}},"4":{"start":{"line":5,"column":16},"end":{"line":5,"column":33}},"5":{"start":{"line":8,"column":0},"end":{"line":8,"column":22}},"6":{"start":{"line":11,"column":0},"end":{"line":11,"column":22}}},"fnMap":{},"branchMap":{},"s":{"0":2,"1":2,"2":2,"3":2,"4":2,"5":2,"6":2},"f":{},"b":{},"_coverageSchema":"1a1c01bbd47fc00a2c39e90264f33305004495a9","hash":"bbe20a800999be3af7b6d23d62d528ac768ca414"}
,"C:\\Users\\adamj\\OneDrive\\Documents\\phase_2 mantap\\must get 50%\\e-commarce_cms\\ecommerce_server\\routes\\product.js": {"path":"C:\\Users\\adamj\\OneDrive\\Documents\\phase_2 mantap\\must get 50%\\e-commarce_cms\\ecommerce_server\\routes\\product.js","statementMap":{"0":{"start":{"line":1,"column":16},"end":{"line":1,"column":41}},"1":{"start":{"line":2,"column":15},"end":{"line":2,"column":24}},"2":{"start":{"line":3,"column":19},"end":{"line":3,"column":51}},"3":{"start":{"line":4,"column":22},"end":{"line":4,"column":61}},"4":{"start":{"line":5,"column":18},"end":{"line":5,"column":53}},"5":{"start":{"line":8,"column":0},"end":{"line":8,"column":48}},"6":{"start":{"line":9,"column":0},"end":{"line":9,"column":52}},"7":{"start":{"line":12,"column":0},"end":{"line":12,"column":70}},"8":{"start":{"line":13,"column":0},"end":{"line":13,"column":79}},"9":{"start":{"line":14,"column":0},"end":{"line":14,"column":76}},"10":{"start":{"line":15,"column":0},"end":{"line":15,"column":61}},"11":{"start":{"line":17,"column":0},"end":{"line":17,"column":23}}},"fnMap":{},"branchMap":{},"s":{"0":2,"1":2,"2":2,"3":2,"4":2,"5":2,"6":2,"7":2,"8":2,"9":2,"10":2,"11":2},"f":{},"b":{},"_coverageSchema":"1a1c01bbd47fc00a2c39e90264f33305004495a9","hash":"77d27cd57e2f7ecc823d3c79d89265d294d8049e"}
,"C:\\Users\\adamj\\OneDrive\\Documents\\phase_2 mantap\\must get 50%\\e-commarce_cms\\ecommerce_server\\routes\\user.js": {"path":"C:\\Users\\adamj\\OneDrive\\Documents\\phase_2 mantap\\must get 50%\\e-commarce_cms\\ecommerce_server\\routes\\user.js","statementMap":{"0":{"start":{"line":1,"column":16},"end":{"line":1,"column":41}},"1":{"start":{"line":2,"column":15},"end":{"line":2,"column":24}},"2":{"start":{"line":3,"column":19},"end":{"line":3,"column":48}},"3":{"start":{"line":4,"column":13},"end":{"line":4,"column":52}},"4":{"start":{"line":6,"column":0},"end":{"line":6,"column":49}},"5":{"start":{"line":7,"column":0},"end":{"line":7,"column":43}},"6":{"start":{"line":8,"column":0},"end":{"line":8,"column":52}},"7":{"start":{"line":9,"column":0},"end":{"line":9,"column":46}},"8":{"start":{"line":11,"column":0},"end":{"line":11,"column":16}},"9":{"start":{"line":12,"column":0},"end":{"line":12,"column":46}},"10":{"start":{"line":14,"column":0},"end":{"line":14,"column":23}}},"fnMap":{},"branchMap":{},"s":{"0":2,"1":2,"2":2,"3":2,"4":2,"5":2,"6":2,"7":2,"8":2,"9":2,"10":2},"f":{},"b":{},"_coverageSchema":"1a1c01bbd47fc00a2c39e90264f33305004495a9","hash":"2a4f9ab57612112ad1cbdb47abd1ecac541ea421"}
}
