TN:
SF:app.js
FNF:0
FNH:0
DA:1,2
DA:2,2
DA:3,2
DA:4,2
DA:5,2
DA:6,2
DA:8,2
DA:9,2
DA:10,2
DA:12,2
DA:13,2
DA:15,2
LF:12
LH:12
BRF:0
BRH:0
end_of_record
TN:
SF:config\config.js
FNF:0
FNH:0
DA:1,2
DA:3,2
DA:5,2
DA:6,2
DA:8,0
DA:9,0
DA:11,0
DA:14,2
LF:8
LH:5
BRDA:1,0,0,2
BRDA:1,0,1,0
BRDA:3,1,0,2
BRDA:3,1,1,0
BRDA:3,1,2,0
BRF:5
BRH:2
end_of_record
TN:
SF:controller\product.js
FN:4,(anonymous_0)
FN:23,(anonymous_1)
FN:46,(anonymous_2)
FN:61,(anonymous_3)
FN:72,(anonymous_4)
FN:82,(anonymous_5)
FNF:6
FNH:4
FNDA:10,(anonymous_0)
FNDA:5,(anonymous_1)
FNDA:1,(anonymous_2)
FNDA:0,(anonymous_3)
FNDA:1,(anonymous_4)
FNDA:0,(anonymous_5)
DA:1,2
DA:5,10
DA:6,10
DA:7,10
DA:15,1
DA:20,9
DA:24,5
DA:25,5
DA:26,5
DA:27,5
DA:28,5
DA:39,1
DA:43,4
DA:47,1
DA:48,1
DA:49,1
DA:54,1
DA:58,0
DA:62,0
DA:63,0
DA:64,0
DA:67,0
DA:69,0
DA:73,1
DA:74,1
DA:76,1
DA:77,1
DA:79,0
DA:83,0
DA:84,0
DA:85,0
DA:90,0
DA:92,0
DA:97,2
LF:34
LH:22
BRF:0
BRH:0
end_of_record
TN:
SF:controller\user.js
FN:6,(anonymous_0)
FN:24,(anonymous_1)
FNF:2
FNH:2
FNDA:8,(anonymous_0)
FNDA:2,(anonymous_1)
DA:1,2
DA:2,2
DA:3,2
DA:7,8
DA:8,8
DA:9,8
DA:14,1
DA:19,1
DA:21,7
DA:25,2
DA:26,2
DA:27,2
DA:32,2
DA:33,2
DA:34,2
DA:35,1
DA:40,1
DA:41,1
DA:43,1
DA:50,0
DA:57,1
DA:62,2
LF:22
LH:21
BRDA:32,0,0,2
BRDA:32,0,1,0
BRDA:34,1,0,1
BRDA:34,1,1,1
BRF:4
BRH:3
end_of_record
TN:
SF:helper\bcypt.js
FN:5,(anonymous_0)
FN:9,(anonymous_1)
FNF:2
FNH:2
FNDA:21,(anonymous_0)
FNDA:2,(anonymous_1)
DA:1,2
DA:2,2
DA:6,21
DA:7,21
DA:10,2
DA:11,2
DA:15,2
LF:7
LH:7
BRF:0
BRH:0
end_of_record
TN:
SF:helper\jwt.js
FN:4,(anonymous_0)
FN:8,(anonymous_1)
FNF:2
FNH:2
FNDA:18,(anonymous_0)
FNDA:17,(anonymous_1)
DA:1,2
DA:2,2
DA:5,18
DA:6,18
DA:9,17
DA:10,17
DA:14,2
LF:7
LH:7
BRF:0
BRH:0
end_of_record
TN:
SF:middleware\authentication.js
FN:4,(anonymous_0)
FNF:1
FNH:1
FNDA:17,(anonymous_0)
DA:1,2
DA:2,2
DA:4,2
DA:5,17
DA:6,17
DA:7,17
DA:8,17
DA:9,17
DA:14,17
DA:15,17
DA:17,0
DA:22,0
LF:12
LH:10
BRDA:14,0,0,17
BRDA:14,0,1,0
BRF:2
BRH:1
end_of_record
TN:
SF:middleware\authorized.js
FN:3,(anonymous_0)
FNF:1
FNH:1
FNDA:16,(anonymous_0)
DA:1,2
DA:3,2
DA:4,16
DA:5,16
DA:10,16
DA:11,16
DA:13,0
DA:18,0
LF:8
LH:6
BRDA:10,0,0,16
BRDA:10,0,1,0
BRF:2
BRH:1
end_of_record
TN:
SF:middleware\errorHandler.js
FN:1,(anonymous_0)
FN:9,(anonymous_1)
FNF:2
FNH:2
FNDA:21,(anonymous_0)
FNDA:21,(anonymous_1)
DA:1,2
DA:2,21
DA:3,21
DA:7,21
DA:8,19
DA:9,19
DA:10,21
DA:12,19
DA:13,19
DA:14,19
DA:16,2
DA:17,1
DA:18,1
DA:19,1
DA:21,1
DA:22,1
DA:23,1
DA:24,1
DA:26,0
DA:27,0
DA:28,0
DA:31,0
LF:22
LH:18
BRDA:7,0,0,19
BRDA:7,0,1,2
BRDA:16,1,0,1
BRDA:16,1,1,1
BRDA:21,2,0,1
BRDA:21,2,1,0
BRDA:26,3,0,0
BRDA:26,3,1,0
BRF:8
BRH:5
end_of_record
TN:
SF:models\cart.js
FN:2,(anonymous_0)
FN:4,(anonymous_1)
FNF:2
FNH:2
FNDA:2,(anonymous_0)
FNDA:2,(anonymous_1)
DA:2,2
DA:8,2
DA:22,2
LF:3
LH:3
BRF:0
BRH:0
end_of_record
TN:
SF:models\category.js
FN:2,(anonymous_0)
FN:4,(anonymous_1)
FNF:2
FNH:2
FNDA:2,(anonymous_0)
FNDA:2,(anonymous_1)
DA:2,2
DA:5,2
DA:8,2
DA:13,2
LF:4
LH:4
BRF:0
BRH:0
end_of_record
TN:
SF:models\index.js
FN:20,(anonymous_0)
FN:23,(anonymous_1)
FN:28,(anonymous_2)
FNF:3
FNH:3
FNDA:12,(anonymous_0)
FNDA:10,(anonymous_1)
FNDA:10,(anonymous_2)
DA:3,2
DA:4,2
DA:5,2
DA:6,2
DA:7,2
DA:8,2
DA:9,2
DA:12,2
DA:13,0
DA:15,2
DA:18,2
DA:21,12
DA:24,10
DA:25,10
DA:28,2
DA:29,10
DA:30,10
DA:34,2
DA:35,2
DA:37,2
LF:20
LH:19
BRDA:7,0,0,2
BRDA:7,0,1,0
BRDA:12,1,0,0
BRDA:12,1,1,2
BRDA:21,2,0,12
BRDA:21,2,1,12
BRDA:21,2,2,10
BRDA:29,3,0,10
BRDA:29,3,1,0
BRF:9
BRH:6
end_of_record
TN:
SF:models\production.js
FN:2,(anonymous_0)
FN:4,(anonymous_1)
FNF:2
FNH:2
FNDA:2,(anonymous_0)
FNDA:2,(anonymous_1)
DA:2,2
DA:5,2
DA:6,2
DA:10,2
DA:81,2
LF:5
LH:5
BRF:0
BRH:0
end_of_record
TN:
SF:models\role.js
FN:2,(anonymous_0)
FN:4,(anonymous_1)
FNF:2
FNH:2
FNDA:2,(anonymous_0)
FNDA:2,(anonymous_1)
DA:2,2
DA:5,2
DA:9,2
DA:14,2
LF:4
LH:4
BRF:0
BRH:0
end_of_record
TN:
SF:models\user.js
FN:3,(anonymous_0)
FN:5,(anonymous_1)
FN:42,(anonymous_2)
FNF:3
FNH:3
FNDA:2,(anonymous_0)
FNDA:2,(anonymous_1)
FNDA:21,(anonymous_2)
DA:2,2
DA:3,2
DA:6,2
DA:10,2
DA:43,21
DA:47,2
LF:6
LH:6
BRF:0
BRH:0
end_of_record
TN:
SF:routes\index.js
FNF:0
FNH:0
DA:1,2
DA:2,2
DA:3,2
DA:4,2
DA:6,2
DA:7,2
DA:9,2
LF:7
LH:7
BRF:0
BRH:0
end_of_record
TN:
SF:routes\product.js
FNF:0
FNH:0
DA:1,2
DA:2,2
DA:3,2
DA:4,2
DA:5,2
DA:7,2
DA:8,2
DA:9,2
DA:11,2
DA:12,2
DA:13,2
DA:15,2
LF:12
LH:12
BRF:0
BRH:0
end_of_record
TN:
SF:routes\user.js
FNF:0
FNH:0
DA:1,2
DA:2,2
DA:3,2
DA:5,2
DA:6,2
DA:8,2
LF:6
LH:6
BRF:0
BRH:0
end_of_record
