TN:
SF:app.js
FNF:0
FNH:0
DA:1,2
DA:3,2
DA:5,2
DA:6,2
DA:8,2
DA:10,2
DA:11,2
DA:12,2
DA:14,2
DA:15,2
DA:17,2
LF:11
LH:11
BRF:0
BRH:0
end_of_record
TN:
SF:config/config.js
FNF:0
FNH:0
DA:1,2
DA:3,2
DA:5,0
DA:6,0
DA:8,2
DA:9,2
DA:12,2
LF:7
LH:5
BRDA:1,0,0,2
BRDA:1,0,1,0
BRDA:3,1,0,0
BRDA:3,1,1,2
BRF:4
BRH:2
end_of_record
TN:
SF:controllers/product.js
FN:4,(anonymous_0)
FN:6,(anonymous_1)
FN:12,(anonymous_2)
FN:21,(anonymous_3)
FN:27,(anonymous_4)
FN:30,(anonymous_5)
FN:42,(anonymous_6)
FN:57,(anonymous_7)
FN:69,(anonymous_8)
FN:76,(anonymous_9)
FNF:10
FNH:10
FNDA:2,(anonymous_0)
FNDA:2,(anonymous_1)
FNDA:7,(anonymous_2)
FNDA:1,(anonymous_3)
FNDA:3,(anonymous_4)
FNDA:3,(anonymous_5)
FNDA:1,(anonymous_6)
FNDA:1,(anonymous_7)
FNDA:1,(anonymous_8)
FNDA:1,(anonymous_9)
DA:1,2
DA:5,2
DA:7,2
DA:13,7
DA:20,7
DA:22,1
DA:28,3
DA:29,3
DA:31,3
DA:32,1
DA:34,2
DA:43,1
DA:44,1
DA:51,1
DA:58,1
DA:59,1
DA:61,0
DA:70,1
DA:71,1
DA:77,1
DA:85,2
LF:21
LH:20
BRDA:31,0,0,1
BRDA:31,0,1,2
BRDA:58,1,0,1
BRDA:58,1,1,0
BRF:4
BRH:3
end_of_record
TN:
SF:controllers/user.js
FN:6,(anonymous_0)
FN:14,(anonymous_1)
FN:20,(anonymous_2)
FN:30,(anonymous_3)
FNF:4
FNH:4
FNDA:9,(anonymous_0)
FNDA:1,(anonymous_1)
FNDA:4,(anonymous_2)
FNDA:4,(anonymous_3)
DA:1,2
DA:2,2
DA:3,2
DA:7,9
DA:13,9
DA:15,1
DA:21,4
DA:25,4
DA:31,4
DA:32,2
DA:36,2
DA:37,2
DA:38,1
DA:42,1
DA:48,1
DA:49,1
DA:59,2
LF:17
LH:17
BRDA:31,0,0,2
BRDA:31,0,1,2
BRDA:37,1,0,1
BRDA:37,1,1,1
BRF:4
BRH:4
end_of_record
TN:
SF:helpers/bcrypt.js
FN:4,(anonymous_0)
FN:9,(anonymous_1)
FNF:2
FNH:2
FNDA:69,(anonymous_0)
FNDA:2,(anonymous_1)
DA:1,2
DA:3,2
DA:5,69
DA:6,69
DA:7,69
DA:10,2
LF:6
LH:6
BRF:0
BRH:0
end_of_record
TN:
SF:helpers/jwt.js
FN:4,(anonymous_0)
FN:8,(anonymous_1)
FNF:2
FNH:2
FNDA:68,(anonymous_0)
FNDA:22,(anonymous_1)
DA:1,2
DA:3,2
DA:5,68
DA:6,68
DA:9,22
LF:5
LH:5
BRF:0
BRH:0
end_of_record
TN:
SF:middlewares/authentication.js
FN:4,(anonymous_0)
FN:17,(anonymous_1)
FNF:2
FNH:2
FNDA:27,(anonymous_0)
FNDA:17,(anonymous_1)
DA:1,2
DA:2,2
DA:4,2
DA:5,27
DA:6,5
DA:10,22
DA:11,22
DA:12,17
DA:18,17
DA:19,0
DA:23,17
DA:24,17
DA:25,17
DA:26,17
DA:27,17
DA:32,5
LF:16
LH:15
BRDA:5,0,0,5
BRDA:5,0,1,22
BRDA:18,1,0,0
BRDA:18,1,1,17
BRF:4
BRH:3
end_of_record
TN:
SF:middlewares/authorization.js
FN:4,(anonymous_0)
FN:10,(anonymous_1)
FN:26,(anonymous_2)
FN:32,(anonymous_3)
FNF:4
FNH:2
FNDA:12,(anonymous_0)
FNDA:12,(anonymous_1)
FNDA:0,(anonymous_2)
FNDA:0,(anonymous_3)
DA:1,2
DA:3,2
DA:5,12
DA:11,12
DA:12,0
DA:16,12
DA:17,9
DA:19,3
DA:27,0
DA:33,0
DA:34,0
DA:38,0
LF:12
LH:7
BRDA:11,0,0,0
BRDA:11,0,1,12
BRDA:16,1,0,9
BRDA:16,1,1,3
BRDA:33,2,0,0
BRDA:33,2,1,0
BRF:6
BRH:3
end_of_record
TN:
SF:middlewares/errorHandler.js
FN:1,(anonymous_0)
FN:11,(anonymous_1)
FNF:2
FNH:2
FNDA:32,(anonymous_0)
FNDA:21,(anonymous_1)
DA:1,2
DA:4,32
DA:5,32
DA:8,32
DA:9,13
DA:10,13
DA:11,13
DA:12,21
DA:14,13
DA:18,19
DA:19,1
DA:20,1
DA:24,18
DA:25,3
DA:26,3
DA:30,15
DA:31,5
DA:32,5
DA:36,10
DA:37,5
DA:38,5
DA:42,5
DA:43,0
DA:44,0
DA:48,5
DA:49,0
DA:50,0
DA:54,5
DA:55,2
DA:56,2
DA:60,3
DA:61,3
DA:62,3
DA:68,32
LF:34
LH:30
BRDA:8,0,0,13
BRDA:8,0,1,19
BRDA:18,1,0,1
BRDA:18,1,1,18
BRDA:24,2,0,3
BRDA:24,2,1,15
BRDA:30,3,0,5
BRDA:30,3,1,10
BRDA:36,4,0,5
BRDA:36,4,1,5
BRDA:42,5,0,0
BRDA:42,5,1,5
BRDA:48,6,0,0
BRDA:48,6,1,5
BRDA:54,7,0,2
BRDA:54,7,1,3
BRDA:60,8,0,3
BRDA:60,8,1,0
BRF:18
BRH:15
end_of_record
TN:
SF:models/category.js
FN:2,(anonymous_0)
FN:6,(anonymous_1)
FNF:2
FNH:2
FNDA:2,(anonymous_0)
FNDA:2,(anonymous_1)
DA:2,2
DA:3,2
DA:7,2
DA:11,2
DA:17,2
LF:5
LH:5
BRF:0
BRH:0
end_of_record
TN:
SF:models/index.js
FN:20,(anonymous_0)
FN:23,(anonymous_1)
FN:28,(anonymous_2)
FNF:3
FNH:3
FNDA:8,(anonymous_0)
FNDA:6,(anonymous_1)
FNDA:6,(anonymous_2)
DA:3,2
DA:4,2
DA:5,2
DA:6,2
DA:7,2
DA:8,2
DA:9,2
DA:12,2
DA:13,0
DA:15,2
DA:18,2
DA:21,8
DA:24,6
DA:25,6
DA:28,2
DA:29,6
DA:30,6
DA:34,2
DA:35,2
DA:37,2
LF:20
LH:19
BRDA:7,0,0,2
BRDA:7,0,1,0
BRDA:12,1,0,0
BRDA:12,1,1,2
BRDA:21,2,0,8
BRDA:21,2,1,8
BRDA:21,2,2,6
BRDA:29,3,0,6
BRDA:29,3,1,0
BRF:9
BRH:6
end_of_record
TN:
SF:models/product.js
FN:2,(anonymous_0)
FN:6,(anonymous_1)
FN:53,(anonymous_2)
FN:73,(anonymous_3)
FNF:4
FNH:4
FNDA:2,(anonymous_0)
FNDA:2,(anonymous_1)
FNDA:61,(anonymous_2)
FNDA:61,(anonymous_3)
DA:2,2
DA:3,2
DA:7,2
DA:11,2
DA:54,61
DA:55,60
DA:57,1
DA:74,61
DA:75,60
DA:77,1
DA:88,2
LF:11
LH:11
BRDA:54,0,0,60
BRDA:54,0,1,1
BRDA:74,1,0,60
BRDA:74,1,1,1
BRF:4
BRH:4
end_of_record
TN:
SF:models/user.js
FN:4,(anonymous_0)
FN:8,(anonymous_1)
FN:77,(anonymous_2)
FNF:3
FNH:3
FNDA:2,(anonymous_0)
FNDA:2,(anonymous_1)
FNDA:69,(anonymous_2)
DA:2,2
DA:4,2
DA:5,2
DA:13,2
DA:78,69
DA:79,69
DA:80,69
DA:85,2
LF:8
LH:8
BRF:0
BRH:0
end_of_record
TN:
SF:routers/index.js
FNF:0
FNH:0
DA:1,2
DA:2,2
DA:3,2
DA:4,2
DA:6,2
DA:7,2
DA:9,2
LF:7
LH:7
BRF:0
BRH:0
end_of_record
TN:
SF:routers/product.js
FNF:0
FNH:0
DA:1,2
DA:2,2
DA:3,2
DA:4,2
DA:5,2
DA:7,2
DA:8,2
DA:9,2
DA:10,2
DA:11,2
DA:12,2
DA:14,2
LF:12
LH:12
BRF:0
BRH:0
end_of_record
TN:
SF:routers/user.js
FNF:0
FNH:0
DA:1,2
DA:2,2
DA:3,2
DA:5,2
DA:6,2
DA:8,2
LF:6
LH:6
BRF:0
BRH:0
end_of_record
